Copyright 1986-2019 Xilinx, Inc. All Rights Reserved.
--------------------------------------------------------------------------------------------------------------------------------------------------------------------------
| Tool Version : Vivado v.2019.1 (lin64) Build 2552052 Fri May 24 14:47:09 MDT 2019
| Date         : Tue Dec 14 13:54:37 2021
| Host         : QUANTUM-DSKTP running 64-bit Ubuntu 20.04.3 LTS
| Command      : report_methodology -file Platform_top_methodology_drc_routed.rpt -pb Platform_top_methodology_drc_routed.pb -rpx Platform_top_methodology_drc_routed.rpx
| Design       : Platform_top
| Device       : xc7a100tcsg324-1
| Speed File   : -1
| Design State : Fully Routed
--------------------------------------------------------------------------------------------------------------------------------------------------------------------------

Report Methodology

Table of Contents
-----------------
1. REPORT SUMMARY
2. REPORT DETAILS

1. REPORT SUMMARY
-----------------
            Netlist: netlist
          Floorplan: design_1
      Design limits: <entire design considered>
             Max violations: <unlimited>
             Violations found: 269
+-----------+------------------+-------------------------------+------------+
| Rule      | Severity         | Description                   | Violations |
+-----------+------------------+-------------------------------+------------+
| TIMING-17 | Critical Warning | Non-clocked sequential cell   | 231        |
| LUTAR-1   | Warning          | LUT drives async reset alert  | 20         |
| SYNTH-10  | Warning          | Wide multiplier               | 3          |
| TIMING-18 | Warning          | Missing input or output delay | 2          |
| TIMING-20 | Warning          | Non-clocked latch             | 13         |
+-----------+------------------+-------------------------------+------------+

2. REPORT DETAILS
-----------------
TIMING-17#1 Critical Warning
Non-clocked sequential cell  
The clock pin Platform_Motion_uut/c1v_reg[0]/C is not reached by a timing clock
Related violations: <none>

TIMING-17#2 Critical Warning
Non-clocked sequential cell  
The clock pin Platform_Motion_uut/c1v_reg[1]/C is not reached by a timing clock
Related violations: <none>

TIMING-17#3 Critical Warning
Non-clocked sequential cell  
The clock pin Platform_Motion_uut/c1v_reg[2]/C is not reached by a timing clock
Related violations: <none>

TIMING-17#4 Critical Warning
Non-clocked sequential cell  
The clock pin Platform_Motion_uut/c1v_reg[3]/C is not reached by a timing clock
Related violations: <none>

TIMING-17#5 Critical Warning
Non-clocked sequential cell  
The clock pin Platform_Motion_uut/c1v_reg[4]/C is not reached by a timing clock
Related violations: <none>

TIMING-17#6 Critical Warning
Non-clocked sequential cell  
The clock pin Platform_Motion_uut/c1v_reg[5]/C is not reached by a timing clock
Related violations: <none>

TIMING-17#7 Critical Warning
Non-clocked sequential cell  
The clock pin Platform_Motion_uut/c1v_reg[6]/C is not reached by a timing clock
Related violations: <none>

TIMING-17#8 Critical Warning
Non-clocked sequential cell  
The clock pin Platform_Motion_uut/c1v_reg[7]/C is not reached by a timing clock
Related violations: <none>

TIMING-17#9 Critical Warning
Non-clocked sequential cell  
The clock pin Platform_Motion_uut/c1v_reg[8]/C is not reached by a timing clock
Related violations: <none>

TIMING-17#10 Critical Warning
Non-clocked sequential cell  
The clock pin Platform_Motion_uut/c1v_reg[9]/C is not reached by a timing clock
Related violations: <none>

TIMING-17#11 Critical Warning
Non-clocked sequential cell  
The clock pin ball_uut/U0/inst_blk_mem_gen/gnbram.gnativebmg.native_blk_mem_gen/valid.cstr/ramloop[0].ram.r/prim_init.ram/DEVICE_7SERIES.NO_BMM_INFO.SP.WIDE_PRIM18.ram/CLKARDCLK is not reached by a timing clock
Related violations: <none>

TIMING-17#12 Critical Warning
Non-clocked sequential cell  
The clock pin ball_uut/U0/inst_blk_mem_gen/gnbram.gnativebmg.native_blk_mem_gen/valid.cstr/ramloop[0].ram.r/prim_init.ram/DEVICE_7SERIES.NO_BMM_INFO.SP.WIDE_PRIM18.ram/CLKBWRCLK is not reached by a timing clock
Related violations: <none>

TIMING-17#13 Critical Warning
Non-clocked sequential cell  
The clock pin bounce_uut/bounce_flg_reg/C is not reached by a timing clock
Related violations: <none>

TIMING-17#14 Critical Warning
Non-clocked sequential cell  
The clock pin bounce_uut/c1v_reg[0]_C/C is not reached by a timing clock
Related violations: <none>

TIMING-17#15 Critical Warning
Non-clocked sequential cell  
The clock pin bounce_uut/c1v_reg[0]_P/C is not reached by a timing clock
Related violations: <none>

TIMING-17#16 Critical Warning
Non-clocked sequential cell  
The clock pin bounce_uut/c1v_reg[1]_C/C is not reached by a timing clock
Related violations: <none>

TIMING-17#17 Critical Warning
Non-clocked sequential cell  
The clock pin bounce_uut/c1v_reg[1]_P/C is not reached by a timing clock
Related violations: <none>

TIMING-17#18 Critical Warning
Non-clocked sequential cell  
The clock pin bounce_uut/c1v_reg[2]_C/C is not reached by a timing clock
Related violations: <none>

TIMING-17#19 Critical Warning
Non-clocked sequential cell  
The clock pin bounce_uut/c1v_reg[2]_P/C is not reached by a timing clock
Related violations: <none>

TIMING-17#20 Critical Warning
Non-clocked sequential cell  
The clock pin bounce_uut/c1v_reg[3]_C/C is not reached by a timing clock
Related violations: <none>

TIMING-17#21 Critical Warning
Non-clocked sequential cell  
The clock pin bounce_uut/c1v_reg[3]_P/C is not reached by a timing clock
Related violations: <none>

TIMING-17#22 Critical Warning
Non-clocked sequential cell  
The clock pin bounce_uut/c1v_reg[4]_C/C is not reached by a timing clock
Related violations: <none>

TIMING-17#23 Critical Warning
Non-clocked sequential cell  
The clock pin bounce_uut/c1v_reg[4]_P/C is not reached by a timing clock
Related violations: <none>

TIMING-17#24 Critical Warning
Non-clocked sequential cell  
The clock pin bounce_uut/c1v_reg[5]_C/C is not reached by a timing clock
Related violations: <none>

TIMING-17#25 Critical Warning
Non-clocked sequential cell  
The clock pin bounce_uut/c1v_reg[5]_P/C is not reached by a timing clock
Related violations: <none>

TIMING-17#26 Critical Warning
Non-clocked sequential cell  
The clock pin bounce_uut/c1v_reg[6]_C/C is not reached by a timing clock
Related violations: <none>

TIMING-17#27 Critical Warning
Non-clocked sequential cell  
The clock pin bounce_uut/c1v_reg[6]_P/C is not reached by a timing clock
Related violations: <none>

TIMING-17#28 Critical Warning
Non-clocked sequential cell  
The clock pin bounce_uut/c1v_reg[7]_C/C is not reached by a timing clock
Related violations: <none>

TIMING-17#29 Critical Warning
Non-clocked sequential cell  
The clock pin bounce_uut/c1v_reg[7]_P/C is not reached by a timing clock
Related violations: <none>

TIMING-17#30 Critical Warning
Non-clocked sequential cell  
The clock pin bounce_uut/c1v_reg[8]_C/C is not reached by a timing clock
Related violations: <none>

TIMING-17#31 Critical Warning
Non-clocked sequential cell  
The clock pin bounce_uut/c1v_reg[8]_P/C is not reached by a timing clock
Related violations: <none>

TIMING-17#32 Critical Warning
Non-clocked sequential cell  
The clock pin bounce_uut/c1v_reg[9]_C/C is not reached by a timing clock
Related violations: <none>

TIMING-17#33 Critical Warning
Non-clocked sequential cell  
The clock pin bounce_uut/c1v_reg[9]_P/C is not reached by a timing clock
Related violations: <none>

TIMING-17#34 Critical Warning
Non-clocked sequential cell  
The clock pin bounce_uut/calc_reg/C is not reached by a timing clock
Related violations: <none>

TIMING-17#35 Critical Warning
Non-clocked sequential cell  
The clock pin bounce_uut/dcv_reg[1]/C is not reached by a timing clock
Related violations: <none>

TIMING-17#36 Critical Warning
Non-clocked sequential cell  
The clock pin bounce_uut/dcv_reg[2]/C is not reached by a timing clock
Related violations: <none>

TIMING-17#37 Critical Warning
Non-clocked sequential cell  
The clock pin bounce_uut/dcv_reg[3]/C is not reached by a timing clock
Related violations: <none>

TIMING-17#38 Critical Warning
Non-clocked sequential cell  
The clock pin bounce_uut/dcv_reg[4]/C is not reached by a timing clock
Related violations: <none>

TIMING-17#39 Critical Warning
Non-clocked sequential cell  
The clock pin bounce_uut/dcv_reg[5]/C is not reached by a timing clock
Related violations: <none>

TIMING-17#40 Critical Warning
Non-clocked sequential cell  
The clock pin bounce_uut/dcv_reg[6]/C is not reached by a timing clock
Related violations: <none>

TIMING-17#41 Critical Warning
Non-clocked sequential cell  
The clock pin bounce_uut/dcv_reg[7]/C is not reached by a timing clock
Related violations: <none>

TIMING-17#42 Critical Warning
Non-clocked sequential cell  
The clock pin bounce_uut/dcv_reg[8]/C is not reached by a timing clock
Related violations: <none>

TIMING-17#43 Critical Warning
Non-clocked sequential cell  
The clock pin bounce_uut/dcv_reg[9]/C is not reached by a timing clock
Related violations: <none>

TIMING-17#44 Critical Warning
Non-clocked sequential cell  
The clock pin bounce_uut/death_flg_reg/C is not reached by a timing clock
Related violations: <none>

TIMING-17#45 Critical Warning
Non-clocked sequential cell  
The clock pin bounce_uut/drv_reg[1]/C is not reached by a timing clock
Related violations: <none>

TIMING-17#46 Critical Warning
Non-clocked sequential cell  
The clock pin bounce_uut/drv_reg[2]/C is not reached by a timing clock
Related violations: <none>

TIMING-17#47 Critical Warning
Non-clocked sequential cell  
The clock pin bounce_uut/drv_reg[3]/C is not reached by a timing clock
Related violations: <none>

TIMING-17#48 Critical Warning
Non-clocked sequential cell  
The clock pin bounce_uut/drv_reg[4]/C is not reached by a timing clock
Related violations: <none>

TIMING-17#49 Critical Warning
Non-clocked sequential cell  
The clock pin bounce_uut/drv_reg[5]/C is not reached by a timing clock
Related violations: <none>

TIMING-17#50 Critical Warning
Non-clocked sequential cell  
The clock pin bounce_uut/drv_reg[6]/C is not reached by a timing clock
Related violations: <none>

TIMING-17#51 Critical Warning
Non-clocked sequential cell  
The clock pin bounce_uut/drv_reg[7]/C is not reached by a timing clock
Related violations: <none>

TIMING-17#52 Critical Warning
Non-clocked sequential cell  
The clock pin bounce_uut/drv_reg[8]/C is not reached by a timing clock
Related violations: <none>

TIMING-17#53 Critical Warning
Non-clocked sequential cell  
The clock pin bounce_uut/drv_reg[9]/C is not reached by a timing clock
Related violations: <none>

TIMING-17#54 Critical Warning
Non-clocked sequential cell  
The clock pin bounce_uut/r1v_reg[0]/C is not reached by a timing clock
Related violations: <none>

TIMING-17#55 Critical Warning
Non-clocked sequential cell  
The clock pin bounce_uut/r1v_reg[1]/C is not reached by a timing clock
Related violations: <none>

TIMING-17#56 Critical Warning
Non-clocked sequential cell  
The clock pin bounce_uut/r1v_reg[2]/C is not reached by a timing clock
Related violations: <none>

TIMING-17#57 Critical Warning
Non-clocked sequential cell  
The clock pin bounce_uut/r1v_reg[3]/C is not reached by a timing clock
Related violations: <none>

TIMING-17#58 Critical Warning
Non-clocked sequential cell  
The clock pin bounce_uut/r1v_reg[4]/C is not reached by a timing clock
Related violations: <none>

TIMING-17#59 Critical Warning
Non-clocked sequential cell  
The clock pin bounce_uut/r1v_reg[5]/C is not reached by a timing clock
Related violations: <none>

TIMING-17#60 Critical Warning
Non-clocked sequential cell  
The clock pin bounce_uut/r1v_reg[6]/C is not reached by a timing clock
Related violations: <none>

TIMING-17#61 Critical Warning
Non-clocked sequential cell  
The clock pin bounce_uut/r1v_reg[7]/C is not reached by a timing clock
Related violations: <none>

TIMING-17#62 Critical Warning
Non-clocked sequential cell  
The clock pin bounce_uut/r1v_reg[8]/C is not reached by a timing clock
Related violations: <none>

TIMING-17#63 Critical Warning
Non-clocked sequential cell  
The clock pin bounce_uut/r1v_reg[9]/C is not reached by a timing clock
Related violations: <none>

TIMING-17#64 Critical Warning
Non-clocked sequential cell  
The clock pin bounce_uut/we_s_reg/C is not reached by a timing clock
Related violations: <none>

TIMING-17#65 Critical Warning
Non-clocked sequential cell  
The clock pin dpram_uut/U0/synth_options.dist_mem_inst/gen_dp_ram.dpram_inst/ram_reg_0_127_0_0/DP.HIGH/CLK is not reached by a timing clock
Related violations: <none>

TIMING-17#66 Critical Warning
Non-clocked sequential cell  
The clock pin dpram_uut/U0/synth_options.dist_mem_inst/gen_dp_ram.dpram_inst/ram_reg_0_127_0_0/DP.LOW/CLK is not reached by a timing clock
Related violations: <none>

TIMING-17#67 Critical Warning
Non-clocked sequential cell  
The clock pin dpram_uut/U0/synth_options.dist_mem_inst/gen_dp_ram.dpram_inst/ram_reg_0_127_0_0/SP.HIGH/CLK is not reached by a timing clock
Related violations: <none>

TIMING-17#68 Critical Warning
Non-clocked sequential cell  
The clock pin dpram_uut/U0/synth_options.dist_mem_inst/gen_dp_ram.dpram_inst/ram_reg_0_127_0_0/SP.LOW/CLK is not reached by a timing clock
Related violations: <none>

TIMING-17#69 Critical Warning
Non-clocked sequential cell  
The clock pin dpram_uut/U0/synth_options.dist_mem_inst/gen_dp_ram.dpram_inst/ram_reg_0_127_1_1/DP.HIGH/CLK is not reached by a timing clock
Related violations: <none>

TIMING-17#70 Critical Warning
Non-clocked sequential cell  
The clock pin dpram_uut/U0/synth_options.dist_mem_inst/gen_dp_ram.dpram_inst/ram_reg_0_127_1_1/DP.LOW/CLK is not reached by a timing clock
Related violations: <none>

TIMING-17#71 Critical Warning
Non-clocked sequential cell  
The clock pin dpram_uut/U0/synth_options.dist_mem_inst/gen_dp_ram.dpram_inst/ram_reg_0_127_1_1/SP.HIGH/CLK is not reached by a timing clock
Related violations: <none>

TIMING-17#72 Critical Warning
Non-clocked sequential cell  
The clock pin dpram_uut/U0/synth_options.dist_mem_inst/gen_dp_ram.dpram_inst/ram_reg_0_127_1_1/SP.LOW/CLK is not reached by a timing clock
Related violations: <none>

TIMING-17#73 Critical Warning
Non-clocked sequential cell  
The clock pin dpram_uut/U0/synth_options.dist_mem_inst/gen_dp_ram.dpram_inst/ram_reg_0_127_2_2/DP.HIGH/CLK is not reached by a timing clock
Related violations: <none>

TIMING-17#74 Critical Warning
Non-clocked sequential cell  
The clock pin dpram_uut/U0/synth_options.dist_mem_inst/gen_dp_ram.dpram_inst/ram_reg_0_127_2_2/DP.LOW/CLK is not reached by a timing clock
Related violations: <none>

TIMING-17#75 Critical Warning
Non-clocked sequential cell  
The clock pin dpram_uut/U0/synth_options.dist_mem_inst/gen_dp_ram.dpram_inst/ram_reg_0_127_2_2/SP.HIGH/CLK is not reached by a timing clock
Related violations: <none>

TIMING-17#76 Critical Warning
Non-clocked sequential cell  
The clock pin dpram_uut/U0/synth_options.dist_mem_inst/gen_dp_ram.dpram_inst/ram_reg_0_127_2_2/SP.LOW/CLK is not reached by a timing clock
Related violations: <none>

TIMING-17#77 Critical Warning
Non-clocked sequential cell  
The clock pin dpram_uut/U0/synth_options.dist_mem_inst/gen_dp_ram.dpram_inst/ram_reg_0_127_3_3/DP.HIGH/CLK is not reached by a timing clock
Related violations: <none>

TIMING-17#78 Critical Warning
Non-clocked sequential cell  
The clock pin dpram_uut/U0/synth_options.dist_mem_inst/gen_dp_ram.dpram_inst/ram_reg_0_127_3_3/DP.LOW/CLK is not reached by a timing clock
Related violations: <none>

TIMING-17#79 Critical Warning
Non-clocked sequential cell  
The clock pin dpram_uut/U0/synth_options.dist_mem_inst/gen_dp_ram.dpram_inst/ram_reg_0_127_3_3/SP.HIGH/CLK is not reached by a timing clock
Related violations: <none>

TIMING-17#80 Critical Warning
Non-clocked sequential cell  
The clock pin dpram_uut/U0/synth_options.dist_mem_inst/gen_dp_ram.dpram_inst/ram_reg_0_127_3_3/SP.LOW/CLK is not reached by a timing clock
Related violations: <none>

TIMING-17#81 Critical Warning
Non-clocked sequential cell  
The clock pin dpram_uut/U0/synth_options.dist_mem_inst/gen_dp_ram.dpram_inst/ram_reg_0_31_0_0/DP/CLK is not reached by a timing clock
Related violations: <none>

TIMING-17#82 Critical Warning
Non-clocked sequential cell  
The clock pin dpram_uut/U0/synth_options.dist_mem_inst/gen_dp_ram.dpram_inst/ram_reg_0_31_0_0/SP/CLK is not reached by a timing clock
Related violations: <none>

TIMING-17#83 Critical Warning
Non-clocked sequential cell  
The clock pin dpram_uut/U0/synth_options.dist_mem_inst/gen_dp_ram.dpram_inst/ram_reg_0_31_0_0__0/DP/CLK is not reached by a timing clock
Related violations: <none>

TIMING-17#84 Critical Warning
Non-clocked sequential cell  
The clock pin dpram_uut/U0/synth_options.dist_mem_inst/gen_dp_ram.dpram_inst/ram_reg_0_31_0_0__0/SP/CLK is not reached by a timing clock
Related violations: <none>

TIMING-17#85 Critical Warning
Non-clocked sequential cell  
The clock pin dpram_uut/U0/synth_options.dist_mem_inst/gen_dp_ram.dpram_inst/ram_reg_0_31_0_0__1/DP/CLK is not reached by a timing clock
Related violations: <none>

TIMING-17#86 Critical Warning
Non-clocked sequential cell  
The clock pin dpram_uut/U0/synth_options.dist_mem_inst/gen_dp_ram.dpram_inst/ram_reg_0_31_0_0__1/SP/CLK is not reached by a timing clock
Related violations: <none>

TIMING-17#87 Critical Warning
Non-clocked sequential cell  
The clock pin dpram_uut/U0/synth_options.dist_mem_inst/gen_dp_ram.dpram_inst/ram_reg_0_31_0_0__2/DP/CLK is not reached by a timing clock
Related violations: <none>

TIMING-17#88 Critical Warning
Non-clocked sequential cell  
The clock pin dpram_uut/U0/synth_options.dist_mem_inst/gen_dp_ram.dpram_inst/ram_reg_0_31_0_0__2/SP/CLK is not reached by a timing clock
Related violations: <none>

TIMING-17#89 Critical Warning
Non-clocked sequential cell  
The clock pin dpram_uut/U0/synth_options.dist_mem_inst/gen_dp_ram.dpram_inst/ram_reg_128_255_0_0/DP.HIGH/CLK is not reached by a timing clock
Related violations: <none>

TIMING-17#90 Critical Warning
Non-clocked sequential cell  
The clock pin dpram_uut/U0/synth_options.dist_mem_inst/gen_dp_ram.dpram_inst/ram_reg_128_255_0_0/DP.LOW/CLK is not reached by a timing clock
Related violations: <none>

TIMING-17#91 Critical Warning
Non-clocked sequential cell  
The clock pin dpram_uut/U0/synth_options.dist_mem_inst/gen_dp_ram.dpram_inst/ram_reg_128_255_0_0/SP.HIGH/CLK is not reached by a timing clock
Related violations: <none>

TIMING-17#92 Critical Warning
Non-clocked sequential cell  
The clock pin dpram_uut/U0/synth_options.dist_mem_inst/gen_dp_ram.dpram_inst/ram_reg_128_255_0_0/SP.LOW/CLK is not reached by a timing clock
Related violations: <none>

TIMING-17#93 Critical Warning
Non-clocked sequential cell  
The clock pin dpram_uut/U0/synth_options.dist_mem_inst/gen_dp_ram.dpram_inst/ram_reg_128_255_1_1/DP.HIGH/CLK is not reached by a timing clock
Related violations: <none>

TIMING-17#94 Critical Warning
Non-clocked sequential cell  
The clock pin dpram_uut/U0/synth_options.dist_mem_inst/gen_dp_ram.dpram_inst/ram_reg_128_255_1_1/DP.LOW/CLK is not reached by a timing clock
Related violations: <none>

TIMING-17#95 Critical Warning
Non-clocked sequential cell  
The clock pin dpram_uut/U0/synth_options.dist_mem_inst/gen_dp_ram.dpram_inst/ram_reg_128_255_1_1/SP.HIGH/CLK is not reached by a timing clock
Related violations: <none>

TIMING-17#96 Critical Warning
Non-clocked sequential cell  
The clock pin dpram_uut/U0/synth_options.dist_mem_inst/gen_dp_ram.dpram_inst/ram_reg_128_255_1_1/SP.LOW/CLK is not reached by a timing clock
Related violations: <none>

TIMING-17#97 Critical Warning
Non-clocked sequential cell  
The clock pin dpram_uut/U0/synth_options.dist_mem_inst/gen_dp_ram.dpram_inst/ram_reg_128_255_2_2/DP.HIGH/CLK is not reached by a timing clock
Related violations: <none>

TIMING-17#98 Critical Warning
Non-clocked sequential cell  
The clock pin dpram_uut/U0/synth_options.dist_mem_inst/gen_dp_ram.dpram_inst/ram_reg_128_255_2_2/DP.LOW/CLK is not reached by a timing clock
Related violations: <none>

TIMING-17#99 Critical Warning
Non-clocked sequential cell  
The clock pin dpram_uut/U0/synth_options.dist_mem_inst/gen_dp_ram.dpram_inst/ram_reg_128_255_2_2/SP.HIGH/CLK is not reached by a timing clock
Related violations: <none>

TIMING-17#100 Critical Warning
Non-clocked sequential cell  
The clock pin dpram_uut/U0/synth_options.dist_mem_inst/gen_dp_ram.dpram_inst/ram_reg_128_255_2_2/SP.LOW/CLK is not reached by a timing clock
Related violations: <none>

TIMING-17#101 Critical Warning
Non-clocked sequential cell  
The clock pin dpram_uut/U0/synth_options.dist_mem_inst/gen_dp_ram.dpram_inst/ram_reg_128_255_3_3/DP.HIGH/CLK is not reached by a timing clock
Related violations: <none>

TIMING-17#102 Critical Warning
Non-clocked sequential cell  
The clock pin dpram_uut/U0/synth_options.dist_mem_inst/gen_dp_ram.dpram_inst/ram_reg_128_255_3_3/DP.LOW/CLK is not reached by a timing clock
Related violations: <none>

TIMING-17#103 Critical Warning
Non-clocked sequential cell  
The clock pin dpram_uut/U0/synth_options.dist_mem_inst/gen_dp_ram.dpram_inst/ram_reg_128_255_3_3/SP.HIGH/CLK is not reached by a timing clock
Related violations: <none>

TIMING-17#104 Critical Warning
Non-clocked sequential cell  
The clock pin dpram_uut/U0/synth_options.dist_mem_inst/gen_dp_ram.dpram_inst/ram_reg_128_255_3_3/SP.LOW/CLK is not reached by a timing clock
Related violations: <none>

TIMING-17#105 Critical Warning
Non-clocked sequential cell  
The clock pin keyConv_uut/U1/FSM_onehot_state_reg[0]/C is not reached by a timing clock
Related violations: <none>

TIMING-17#106 Critical Warning
Non-clocked sequential cell  
The clock pin keyConv_uut/U1/FSM_onehot_state_reg[10]/C is not reached by a timing clock
Related violations: <none>

TIMING-17#107 Critical Warning
Non-clocked sequential cell  
The clock pin keyConv_uut/U1/FSM_onehot_state_reg[1]/C is not reached by a timing clock
Related violations: <none>

TIMING-17#108 Critical Warning
Non-clocked sequential cell  
The clock pin keyConv_uut/U1/FSM_onehot_state_reg[2]/C is not reached by a timing clock
Related violations: <none>

TIMING-17#109 Critical Warning
Non-clocked sequential cell  
The clock pin keyConv_uut/U1/FSM_onehot_state_reg[3]/C is not reached by a timing clock
Related violations: <none>

TIMING-17#110 Critical Warning
Non-clocked sequential cell  
The clock pin keyConv_uut/U1/FSM_onehot_state_reg[4]/C is not reached by a timing clock
Related violations: <none>

TIMING-17#111 Critical Warning
Non-clocked sequential cell  
The clock pin keyConv_uut/U1/FSM_onehot_state_reg[5]/C is not reached by a timing clock
Related violations: <none>

TIMING-17#112 Critical Warning
Non-clocked sequential cell  
The clock pin keyConv_uut/U1/FSM_onehot_state_reg[6]/C is not reached by a timing clock
Related violations: <none>

TIMING-17#113 Critical Warning
Non-clocked sequential cell  
The clock pin keyConv_uut/U1/FSM_onehot_state_reg[7]/C is not reached by a timing clock
Related violations: <none>

TIMING-17#114 Critical Warning
Non-clocked sequential cell  
The clock pin keyConv_uut/U1/FSM_onehot_state_reg[8]/C is not reached by a timing clock
Related violations: <none>

TIMING-17#115 Critical Warning
Non-clocked sequential cell  
The clock pin keyConv_uut/U1/FSM_onehot_state_reg[9]/C is not reached by a timing clock
Related violations: <none>

TIMING-17#116 Critical Warning
Non-clocked sequential cell  
The clock pin keyConv_uut/U1/PS2Cf_reg/C is not reached by a timing clock
Related violations: <none>

TIMING-17#117 Critical Warning
Non-clocked sequential cell  
The clock pin keyConv_uut/U1/PS2Df_reg/C is not reached by a timing clock
Related violations: <none>

TIMING-17#118 Critical Warning
Non-clocked sequential cell  
The clock pin keyConv_uut/U1/bit_count_reg[0]/C is not reached by a timing clock
Related violations: <none>

TIMING-17#119 Critical Warning
Non-clocked sequential cell  
The clock pin keyConv_uut/U1/bit_count_reg[1]/C is not reached by a timing clock
Related violations: <none>

TIMING-17#120 Critical Warning
Non-clocked sequential cell  
The clock pin keyConv_uut/U1/bit_count_reg[2]/C is not reached by a timing clock
Related violations: <none>

TIMING-17#121 Critical Warning
Non-clocked sequential cell  
The clock pin keyConv_uut/U1/bit_count_reg[3]/C is not reached by a timing clock
Related violations: <none>

TIMING-17#122 Critical Warning
Non-clocked sequential cell  
The clock pin keyConv_uut/U1/keyval1s_reg[0]/C is not reached by a timing clock
Related violations: <none>

TIMING-17#123 Critical Warning
Non-clocked sequential cell  
The clock pin keyConv_uut/U1/keyval1s_reg[1]/C is not reached by a timing clock
Related violations: <none>

TIMING-17#124 Critical Warning
Non-clocked sequential cell  
The clock pin keyConv_uut/U1/keyval1s_reg[2]/C is not reached by a timing clock
Related violations: <none>

TIMING-17#125 Critical Warning
Non-clocked sequential cell  
The clock pin keyConv_uut/U1/keyval1s_reg[3]/C is not reached by a timing clock
Related violations: <none>

TIMING-17#126 Critical Warning
Non-clocked sequential cell  
The clock pin keyConv_uut/U1/keyval1s_reg[4]/C is not reached by a timing clock
Related violations: <none>

TIMING-17#127 Critical Warning
Non-clocked sequential cell  
The clock pin keyConv_uut/U1/keyval1s_reg[5]/C is not reached by a timing clock
Related violations: <none>

TIMING-17#128 Critical Warning
Non-clocked sequential cell  
The clock pin keyConv_uut/U1/keyval1s_reg[6]/C is not reached by a timing clock
Related violations: <none>

TIMING-17#129 Critical Warning
Non-clocked sequential cell  
The clock pin keyConv_uut/U1/keyval1s_reg[7]/C is not reached by a timing clock
Related violations: <none>

TIMING-17#130 Critical Warning
Non-clocked sequential cell  
The clock pin keyConv_uut/U1/keyval2s_reg[0]/C is not reached by a timing clock
Related violations: <none>

TIMING-17#131 Critical Warning
Non-clocked sequential cell  
The clock pin keyConv_uut/U1/keyval2s_reg[1]/C is not reached by a timing clock
Related violations: <none>

TIMING-17#132 Critical Warning
Non-clocked sequential cell  
The clock pin keyConv_uut/U1/keyval2s_reg[2]/C is not reached by a timing clock
Related violations: <none>

TIMING-17#133 Critical Warning
Non-clocked sequential cell  
The clock pin keyConv_uut/U1/keyval2s_reg[3]/C is not reached by a timing clock
Related violations: <none>

TIMING-17#134 Critical Warning
Non-clocked sequential cell  
The clock pin keyConv_uut/U1/keyval2s_reg[4]/C is not reached by a timing clock
Related violations: <none>

TIMING-17#135 Critical Warning
Non-clocked sequential cell  
The clock pin keyConv_uut/U1/keyval2s_reg[5]/C is not reached by a timing clock
Related violations: <none>

TIMING-17#136 Critical Warning
Non-clocked sequential cell  
The clock pin keyConv_uut/U1/keyval2s_reg[6]/C is not reached by a timing clock
Related violations: <none>

TIMING-17#137 Critical Warning
Non-clocked sequential cell  
The clock pin keyConv_uut/U1/keyval2s_reg[7]/C is not reached by a timing clock
Related violations: <none>

TIMING-17#138 Critical Warning
Non-clocked sequential cell  
The clock pin keyConv_uut/U1/ps2c_filter_reg[0]/C is not reached by a timing clock
Related violations: <none>

TIMING-17#139 Critical Warning
Non-clocked sequential cell  
The clock pin keyConv_uut/U1/ps2c_filter_reg[1]/C is not reached by a timing clock
Related violations: <none>

TIMING-17#140 Critical Warning
Non-clocked sequential cell  
The clock pin keyConv_uut/U1/ps2c_filter_reg[2]/C is not reached by a timing clock
Related violations: <none>

TIMING-17#141 Critical Warning
Non-clocked sequential cell  
The clock pin keyConv_uut/U1/ps2c_filter_reg[3]/C is not reached by a timing clock
Related violations: <none>

TIMING-17#142 Critical Warning
Non-clocked sequential cell  
The clock pin keyConv_uut/U1/ps2c_filter_reg[4]/C is not reached by a timing clock
Related violations: <none>

TIMING-17#143 Critical Warning
Non-clocked sequential cell  
The clock pin keyConv_uut/U1/ps2c_filter_reg[5]/C is not reached by a timing clock
Related violations: <none>

TIMING-17#144 Critical Warning
Non-clocked sequential cell  
The clock pin keyConv_uut/U1/ps2c_filter_reg[6]/C is not reached by a timing clock
Related violations: <none>

TIMING-17#145 Critical Warning
Non-clocked sequential cell  
The clock pin keyConv_uut/U1/ps2c_filter_reg[7]/C is not reached by a timing clock
Related violations: <none>

TIMING-17#146 Critical Warning
Non-clocked sequential cell  
The clock pin keyConv_uut/U1/ps2d_filter_reg[0]/C is not reached by a timing clock
Related violations: <none>

TIMING-17#147 Critical Warning
Non-clocked sequential cell  
The clock pin keyConv_uut/U1/ps2d_filter_reg[1]/C is not reached by a timing clock
Related violations: <none>

TIMING-17#148 Critical Warning
Non-clocked sequential cell  
The clock pin keyConv_uut/U1/ps2d_filter_reg[2]/C is not reached by a timing clock
Related violations: <none>

TIMING-17#149 Critical Warning
Non-clocked sequential cell  
The clock pin keyConv_uut/U1/ps2d_filter_reg[3]/C is not reached by a timing clock
Related violations: <none>

TIMING-17#150 Critical Warning
Non-clocked sequential cell  
The clock pin keyConv_uut/U1/ps2d_filter_reg[4]/C is not reached by a timing clock
Related violations: <none>

TIMING-17#151 Critical Warning
Non-clocked sequential cell  
The clock pin keyConv_uut/U1/ps2d_filter_reg[5]/C is not reached by a timing clock
Related violations: <none>

TIMING-17#152 Critical Warning
Non-clocked sequential cell  
The clock pin keyConv_uut/U1/ps2d_filter_reg[6]/C is not reached by a timing clock
Related violations: <none>

TIMING-17#153 Critical Warning
Non-clocked sequential cell  
The clock pin keyConv_uut/U1/ps2d_filter_reg[7]/C is not reached by a timing clock
Related violations: <none>

TIMING-17#154 Critical Warning
Non-clocked sequential cell  
The clock pin keyConv_uut/U1/shift1_reg[10]/C is not reached by a timing clock
Related violations: <none>

TIMING-17#155 Critical Warning
Non-clocked sequential cell  
The clock pin keyConv_uut/U1/shift1_reg[1]/C is not reached by a timing clock
Related violations: <none>

TIMING-17#156 Critical Warning
Non-clocked sequential cell  
The clock pin keyConv_uut/U1/shift1_reg[2]/C is not reached by a timing clock
Related violations: <none>

TIMING-17#157 Critical Warning
Non-clocked sequential cell  
The clock pin keyConv_uut/U1/shift1_reg[3]/C is not reached by a timing clock
Related violations: <none>

TIMING-17#158 Critical Warning
Non-clocked sequential cell  
The clock pin keyConv_uut/U1/shift1_reg[4]/C is not reached by a timing clock
Related violations: <none>

TIMING-17#159 Critical Warning
Non-clocked sequential cell  
The clock pin keyConv_uut/U1/shift1_reg[5]/C is not reached by a timing clock
Related violations: <none>

TIMING-17#160 Critical Warning
Non-clocked sequential cell  
The clock pin keyConv_uut/U1/shift1_reg[6]/C is not reached by a timing clock
Related violations: <none>

TIMING-17#161 Critical Warning
Non-clocked sequential cell  
The clock pin keyConv_uut/U1/shift1_reg[7]/C is not reached by a timing clock
Related violations: <none>

TIMING-17#162 Critical Warning
Non-clocked sequential cell  
The clock pin keyConv_uut/U1/shift1_reg[8]/C is not reached by a timing clock
Related violations: <none>

TIMING-17#163 Critical Warning
Non-clocked sequential cell  
The clock pin keyConv_uut/U1/shift1_reg[9]/C is not reached by a timing clock
Related violations: <none>

TIMING-17#164 Critical Warning
Non-clocked sequential cell  
The clock pin keyConv_uut/U1/shift2_reg[10]/C is not reached by a timing clock
Related violations: <none>

TIMING-17#165 Critical Warning
Non-clocked sequential cell  
The clock pin keyConv_uut/U1/shift2_reg[1]/C is not reached by a timing clock
Related violations: <none>

TIMING-17#166 Critical Warning
Non-clocked sequential cell  
The clock pin keyConv_uut/U1/shift2_reg[2]/C is not reached by a timing clock
Related violations: <none>

TIMING-17#167 Critical Warning
Non-clocked sequential cell  
The clock pin keyConv_uut/U1/shift2_reg[3]/C is not reached by a timing clock
Related violations: <none>

TIMING-17#168 Critical Warning
Non-clocked sequential cell  
The clock pin keyConv_uut/U1/shift2_reg[4]/C is not reached by a timing clock
Related violations: <none>

TIMING-17#169 Critical Warning
Non-clocked sequential cell  
The clock pin keyConv_uut/U1/shift2_reg[5]/C is not reached by a timing clock
Related violations: <none>

TIMING-17#170 Critical Warning
Non-clocked sequential cell  
The clock pin keyConv_uut/U1/shift2_reg[6]/C is not reached by a timing clock
Related violations: <none>

TIMING-17#171 Critical Warning
Non-clocked sequential cell  
The clock pin keyConv_uut/U1/shift2_reg[7]/C is not reached by a timing clock
Related violations: <none>

TIMING-17#172 Critical Warning
Non-clocked sequential cell  
The clock pin keyConv_uut/U1/shift2_reg[8]/C is not reached by a timing clock
Related violations: <none>

TIMING-17#173 Critical Warning
Non-clocked sequential cell  
The clock pin keyConv_uut/U1/shift2_reg[9]/C is not reached by a timing clock
Related violations: <none>

TIMING-17#174 Critical Warning
Non-clocked sequential cell  
The clock pin platform_uut/U0/inst_blk_mem_gen/gnbram.gnativebmg.native_blk_mem_gen/valid.cstr/ramloop[0].ram.r/prim_init.ram/DEVICE_7SERIES.NO_BMM_INFO.SP.SIMPLE_PRIM18.ram/CLKARDCLK is not reached by a timing clock
Related violations: <none>

TIMING-17#175 Critical Warning
Non-clocked sequential cell  
The clock pin sound_main_uut/sound_top_MAP/music_counter_MAP/cnt_flag_reg/C is not reached by a timing clock
Related violations: <none>

TIMING-17#176 Critical Warning
Non-clocked sequential cell  
The clock pin sound_main_uut/sound_top_MAP/music_counter_MAP/cnt_reg[0]/C is not reached by a timing clock
Related violations: <none>

TIMING-17#177 Critical Warning
Non-clocked sequential cell  
The clock pin sound_main_uut/sound_top_MAP/music_counter_MAP/cnt_reg[10]/C is not reached by a timing clock
Related violations: <none>

TIMING-17#178 Critical Warning
Non-clocked sequential cell  
The clock pin sound_main_uut/sound_top_MAP/music_counter_MAP/cnt_reg[11]/C is not reached by a timing clock
Related violations: <none>

TIMING-17#179 Critical Warning
Non-clocked sequential cell  
The clock pin sound_main_uut/sound_top_MAP/music_counter_MAP/cnt_reg[12]/C is not reached by a timing clock
Related violations: <none>

TIMING-17#180 Critical Warning
Non-clocked sequential cell  
The clock pin sound_main_uut/sound_top_MAP/music_counter_MAP/cnt_reg[13]/C is not reached by a timing clock
Related violations: <none>

TIMING-17#181 Critical Warning
Non-clocked sequential cell  
The clock pin sound_main_uut/sound_top_MAP/music_counter_MAP/cnt_reg[14]/C is not reached by a timing clock
Related violations: <none>

TIMING-17#182 Critical Warning
Non-clocked sequential cell  
The clock pin sound_main_uut/sound_top_MAP/music_counter_MAP/cnt_reg[15]/C is not reached by a timing clock
Related violations: <none>

TIMING-17#183 Critical Warning
Non-clocked sequential cell  
The clock pin sound_main_uut/sound_top_MAP/music_counter_MAP/cnt_reg[16]/C is not reached by a timing clock
Related violations: <none>

TIMING-17#184 Critical Warning
Non-clocked sequential cell  
The clock pin sound_main_uut/sound_top_MAP/music_counter_MAP/cnt_reg[17]/C is not reached by a timing clock
Related violations: <none>

TIMING-17#185 Critical Warning
Non-clocked sequential cell  
The clock pin sound_main_uut/sound_top_MAP/music_counter_MAP/cnt_reg[1]/C is not reached by a timing clock
Related violations: <none>

TIMING-17#186 Critical Warning
Non-clocked sequential cell  
The clock pin sound_main_uut/sound_top_MAP/music_counter_MAP/cnt_reg[2]/C is not reached by a timing clock
Related violations: <none>

TIMING-17#187 Critical Warning
Non-clocked sequential cell  
The clock pin sound_main_uut/sound_top_MAP/music_counter_MAP/cnt_reg[3]/C is not reached by a timing clock
Related violations: <none>

TIMING-17#188 Critical Warning
Non-clocked sequential cell  
The clock pin sound_main_uut/sound_top_MAP/music_counter_MAP/cnt_reg[4]/C is not reached by a timing clock
Related violations: <none>

TIMING-17#189 Critical Warning
Non-clocked sequential cell  
The clock pin sound_main_uut/sound_top_MAP/music_counter_MAP/cnt_reg[5]/C is not reached by a timing clock
Related violations: <none>

TIMING-17#190 Critical Warning
Non-clocked sequential cell  
The clock pin sound_main_uut/sound_top_MAP/music_counter_MAP/cnt_reg[6]/C is not reached by a timing clock
Related violations: <none>

TIMING-17#191 Critical Warning
Non-clocked sequential cell  
The clock pin sound_main_uut/sound_top_MAP/music_counter_MAP/cnt_reg[7]/C is not reached by a timing clock
Related violations: <none>

TIMING-17#192 Critical Warning
Non-clocked sequential cell  
The clock pin sound_main_uut/sound_top_MAP/music_counter_MAP/cnt_reg[8]/C is not reached by a timing clock
Related violations: <none>

TIMING-17#193 Critical Warning
Non-clocked sequential cell  
The clock pin sound_main_uut/sound_top_MAP/music_counter_MAP/cnt_reg[9]/C is not reached by a timing clock
Related violations: <none>

TIMING-17#194 Critical Warning
Non-clocked sequential cell  
The clock pin sound_main_uut/sound_top_MAP/sfx_counter_MAP/cnt_done_reg/C is not reached by a timing clock
Related violations: <none>

TIMING-17#195 Critical Warning
Non-clocked sequential cell  
The clock pin sound_main_uut/sound_top_MAP/sfx_counter_MAP/cnt_flag_reg/C is not reached by a timing clock
Related violations: <none>

TIMING-17#196 Critical Warning
Non-clocked sequential cell  
The clock pin sound_main_uut/sound_top_MAP/sfx_counter_MAP/cnt_reg[0]/C is not reached by a timing clock
Related violations: <none>

TIMING-17#197 Critical Warning
Non-clocked sequential cell  
The clock pin sound_main_uut/sound_top_MAP/sfx_counter_MAP/cnt_reg[10]/C is not reached by a timing clock
Related violations: <none>

TIMING-17#198 Critical Warning
Non-clocked sequential cell  
The clock pin sound_main_uut/sound_top_MAP/sfx_counter_MAP/cnt_reg[11]/C is not reached by a timing clock
Related violations: <none>

TIMING-17#199 Critical Warning
Non-clocked sequential cell  
The clock pin sound_main_uut/sound_top_MAP/sfx_counter_MAP/cnt_reg[12]/C is not reached by a timing clock
Related violations: <none>

TIMING-17#200 Critical Warning
Non-clocked sequential cell  
The clock pin sound_main_uut/sound_top_MAP/sfx_counter_MAP/cnt_reg[13]/C is not reached by a timing clock
Related violations: <none>

TIMING-17#201 Critical Warning
Non-clocked sequential cell  
The clock pin sound_main_uut/sound_top_MAP/sfx_counter_MAP/cnt_reg[14]/C is not reached by a timing clock
Related violations: <none>

TIMING-17#202 Critical Warning
Non-clocked sequential cell  
The clock pin sound_main_uut/sound_top_MAP/sfx_counter_MAP/cnt_reg[1]/C is not reached by a timing clock
Related violations: <none>

TIMING-17#203 Critical Warning
Non-clocked sequential cell  
The clock pin sound_main_uut/sound_top_MAP/sfx_counter_MAP/cnt_reg[2]/C is not reached by a timing clock
Related violations: <none>

TIMING-17#204 Critical Warning
Non-clocked sequential cell  
The clock pin sound_main_uut/sound_top_MAP/sfx_counter_MAP/cnt_reg[3]/C is not reached by a timing clock
Related violations: <none>

TIMING-17#205 Critical Warning
Non-clocked sequential cell  
The clock pin sound_main_uut/sound_top_MAP/sfx_counter_MAP/cnt_reg[4]/C is not reached by a timing clock
Related violations: <none>

TIMING-17#206 Critical Warning
Non-clocked sequential cell  
The clock pin sound_main_uut/sound_top_MAP/sfx_counter_MAP/cnt_reg[5]/C is not reached by a timing clock
Related violations: <none>

TIMING-17#207 Critical Warning
Non-clocked sequential cell  
The clock pin sound_main_uut/sound_top_MAP/sfx_counter_MAP/cnt_reg[6]/C is not reached by a timing clock
Related violations: <none>

TIMING-17#208 Critical Warning
Non-clocked sequential cell  
The clock pin sound_main_uut/sound_top_MAP/sfx_counter_MAP/cnt_reg[7]/C is not reached by a timing clock
Related violations: <none>

TIMING-17#209 Critical Warning
Non-clocked sequential cell  
The clock pin sound_main_uut/sound_top_MAP/sfx_counter_MAP/cnt_reg[8]/C is not reached by a timing clock
Related violations: <none>

TIMING-17#210 Critical Warning
Non-clocked sequential cell  
The clock pin sound_main_uut/sound_top_MAP/sfx_counter_MAP/cnt_reg[9]/C is not reached by a timing clock
Related violations: <none>

TIMING-17#211 Critical Warning
Non-clocked sequential cell  
The clock pin vga_640x480_uut/hcs_reg[0]/C is not reached by a timing clock
Related violations: <none>

TIMING-17#212 Critical Warning
Non-clocked sequential cell  
The clock pin vga_640x480_uut/hcs_reg[1]/C is not reached by a timing clock
Related violations: <none>

TIMING-17#213 Critical Warning
Non-clocked sequential cell  
The clock pin vga_640x480_uut/hcs_reg[2]/C is not reached by a timing clock
Related violations: <none>

TIMING-17#214 Critical Warning
Non-clocked sequential cell  
The clock pin vga_640x480_uut/hcs_reg[3]/C is not reached by a timing clock
Related violations: <none>

TIMING-17#215 Critical Warning
Non-clocked sequential cell  
The clock pin vga_640x480_uut/hcs_reg[4]/C is not reached by a timing clock
Related violations: <none>

TIMING-17#216 Critical Warning
Non-clocked sequential cell  
The clock pin vga_640x480_uut/hcs_reg[5]/C is not reached by a timing clock
Related violations: <none>

TIMING-17#217 Critical Warning
Non-clocked sequential cell  
The clock pin vga_640x480_uut/hcs_reg[6]/C is not reached by a timing clock
Related violations: <none>

TIMING-17#218 Critical Warning
Non-clocked sequential cell  
The clock pin vga_640x480_uut/hcs_reg[7]/C is not reached by a timing clock
Related violations: <none>

TIMING-17#219 Critical Warning
Non-clocked sequential cell  
The clock pin vga_640x480_uut/hcs_reg[8]/C is not reached by a timing clock
Related violations: <none>

TIMING-17#220 Critical Warning
Non-clocked sequential cell  
The clock pin vga_640x480_uut/hcs_reg[9]/C is not reached by a timing clock
Related violations: <none>

TIMING-17#221 Critical Warning
Non-clocked sequential cell  
The clock pin vga_640x480_uut/vcs_reg[0]/C is not reached by a timing clock
Related violations: <none>

TIMING-17#222 Critical Warning
Non-clocked sequential cell  
The clock pin vga_640x480_uut/vcs_reg[1]/C is not reached by a timing clock
Related violations: <none>

TIMING-17#223 Critical Warning
Non-clocked sequential cell  
The clock pin vga_640x480_uut/vcs_reg[2]/C is not reached by a timing clock
Related violations: <none>

TIMING-17#224 Critical Warning
Non-clocked sequential cell  
The clock pin vga_640x480_uut/vcs_reg[3]/C is not reached by a timing clock
Related violations: <none>

TIMING-17#225 Critical Warning
Non-clocked sequential cell  
The clock pin vga_640x480_uut/vcs_reg[4]/C is not reached by a timing clock
Related violations: <none>

TIMING-17#226 Critical Warning
Non-clocked sequential cell  
The clock pin vga_640x480_uut/vcs_reg[5]/C is not reached by a timing clock
Related violations: <none>

TIMING-17#227 Critical Warning
Non-clocked sequential cell  
The clock pin vga_640x480_uut/vcs_reg[6]/C is not reached by a timing clock
Related violations: <none>

TIMING-17#228 Critical Warning
Non-clocked sequential cell  
The clock pin vga_640x480_uut/vcs_reg[7]/C is not reached by a timing clock
Related violations: <none>

TIMING-17#229 Critical Warning
Non-clocked sequential cell  
The clock pin vga_640x480_uut/vcs_reg[8]/C is not reached by a timing clock
Related violations: <none>

TIMING-17#230 Critical Warning
Non-clocked sequential cell  
The clock pin vga_640x480_uut/vcs_reg[9]/C is not reached by a timing clock
Related violations: <none>

TIMING-17#231 Critical Warning
Non-clocked sequential cell  
The clock pin vga_640x480_uut/vsenable_reg/C is not reached by a timing clock
Related violations: <none>

LUTAR-1#1 Warning
LUT drives async reset alert  
LUT cell Platform_Motion_uut/c1v_reg[0]_LDC_i_1, with 2 or more inputs, drives asynchronous preset/clear pin(s) bounce_uut/c1v_reg[0]_P/PRE. The LUT may glitch and trigger an unexpected reset, even if it is a properly timed path.
Related violations: <none>

LUTAR-1#2 Warning
LUT drives async reset alert  
LUT cell Platform_Motion_uut/c1v_reg[0]_LDC_i_2, with 2 or more inputs, drives asynchronous preset/clear pin(s) bounce_uut/c1v_reg[0]_C/CLR, bounce_uut/c1v_reg[0]_LDC/CLR. The LUT may glitch and trigger an unexpected reset, even if it is a properly timed path.
Related violations: <none>

LUTAR-1#3 Warning
LUT drives async reset alert  
LUT cell Platform_Motion_uut/c1v_reg[1]_LDC_i_1, with 2 or more inputs, drives asynchronous preset/clear pin(s) bounce_uut/c1v_reg[1]_P/PRE. The LUT may glitch and trigger an unexpected reset, even if it is a properly timed path.
Related violations: <none>

LUTAR-1#4 Warning
LUT drives async reset alert  
LUT cell Platform_Motion_uut/c1v_reg[1]_LDC_i_2, with 2 or more inputs, drives asynchronous preset/clear pin(s) bounce_uut/c1v_reg[1]_C/CLR, bounce_uut/c1v_reg[1]_LDC/CLR. The LUT may glitch and trigger an unexpected reset, even if it is a properly timed path.
Related violations: <none>

LUTAR-1#5 Warning
LUT drives async reset alert  
LUT cell Platform_Motion_uut/c1v_reg[2]_LDC_i_1, with 2 or more inputs, drives asynchronous preset/clear pin(s) bounce_uut/c1v_reg[2]_P/PRE. The LUT may glitch and trigger an unexpected reset, even if it is a properly timed path.
Related violations: <none>

LUTAR-1#6 Warning
LUT drives async reset alert  
LUT cell Platform_Motion_uut/c1v_reg[2]_LDC_i_2, with 2 or more inputs, drives asynchronous preset/clear pin(s) bounce_uut/c1v_reg[2]_C/CLR, bounce_uut/c1v_reg[2]_LDC/CLR. The LUT may glitch and trigger an unexpected reset, even if it is a properly timed path.
Related violations: <none>

LUTAR-1#7 Warning
LUT drives async reset alert  
LUT cell Platform_Motion_uut/c1v_reg[3]_LDC_i_1, with 2 or more inputs, drives asynchronous preset/clear pin(s) bounce_uut/c1v_reg[3]_P/PRE. The LUT may glitch and trigger an unexpected reset, even if it is a properly timed path.
Related violations: <none>

LUTAR-1#8 Warning
LUT drives async reset alert  
LUT cell Platform_Motion_uut/c1v_reg[3]_LDC_i_2, with 2 or more inputs, drives asynchronous preset/clear pin(s) bounce_uut/c1v_reg[3]_C/CLR, bounce_uut/c1v_reg[3]_LDC/CLR. The LUT may glitch and trigger an unexpected reset, even if it is a properly timed path.
Related violations: <none>

LUTAR-1#9 Warning
LUT drives async reset alert  
LUT cell Platform_Motion_uut/c1v_reg[4]_LDC_i_1, with 2 or more inputs, drives asynchronous preset/clear pin(s) bounce_uut/c1v_reg[4]_P/PRE. The LUT may glitch and trigger an unexpected reset, even if it is a properly timed path.
Related violations: <none>

LUTAR-1#10 Warning
LUT drives async reset alert  
LUT cell Platform_Motion_uut/c1v_reg[4]_LDC_i_2, with 2 or more inputs, drives asynchronous preset/clear pin(s) bounce_uut/c1v_reg[4]_C/CLR, bounce_uut/c1v_reg[4]_LDC/CLR. The LUT may glitch and trigger an unexpected reset, even if it is a properly timed path.
Related violations: <none>

LUTAR-1#11 Warning
LUT drives async reset alert  
LUT cell Platform_Motion_uut/c1v_reg[5]_LDC_i_1, with 2 or more inputs, drives asynchronous preset/clear pin(s) bounce_uut/c1v_reg[5]_P/PRE. The LUT may glitch and trigger an unexpected reset, even if it is a properly timed path.
Related violations: <none>

LUTAR-1#12 Warning
LUT drives async reset alert  
LUT cell Platform_Motion_uut/c1v_reg[5]_LDC_i_2, with 2 or more inputs, drives asynchronous preset/clear pin(s) bounce_uut/c1v_reg[5]_C/CLR, bounce_uut/c1v_reg[5]_LDC/CLR. The LUT may glitch and trigger an unexpected reset, even if it is a properly timed path.
Related violations: <none>

LUTAR-1#13 Warning
LUT drives async reset alert  
LUT cell Platform_Motion_uut/c1v_reg[6]_LDC_i_1, with 2 or more inputs, drives asynchronous preset/clear pin(s) bounce_uut/c1v_reg[6]_P/PRE. The LUT may glitch and trigger an unexpected reset, even if it is a properly timed path.
Related violations: <none>

LUTAR-1#14 Warning
LUT drives async reset alert  
LUT cell Platform_Motion_uut/c1v_reg[6]_LDC_i_2, with 2 or more inputs, drives asynchronous preset/clear pin(s) bounce_uut/c1v_reg[6]_C/CLR, bounce_uut/c1v_reg[6]_LDC/CLR. The LUT may glitch and trigger an unexpected reset, even if it is a properly timed path.
Related violations: <none>

LUTAR-1#15 Warning
LUT drives async reset alert  
LUT cell Platform_Motion_uut/c1v_reg[7]_LDC_i_1, with 2 or more inputs, drives asynchronous preset/clear pin(s) bounce_uut/c1v_reg[7]_P/PRE. The LUT may glitch and trigger an unexpected reset, even if it is a properly timed path.
Related violations: <none>

LUTAR-1#16 Warning
LUT drives async reset alert  
LUT cell Platform_Motion_uut/c1v_reg[7]_LDC_i_2, with 2 or more inputs, drives asynchronous preset/clear pin(s) bounce_uut/c1v_reg[7]_C/CLR, bounce_uut/c1v_reg[7]_LDC/CLR. The LUT may glitch and trigger an unexpected reset, even if it is a properly timed path.
Related violations: <none>

LUTAR-1#17 Warning
LUT drives async reset alert  
LUT cell Platform_Motion_uut/c1v_reg[8]_LDC_i_1, with 2 or more inputs, drives asynchronous preset/clear pin(s) bounce_uut/c1v_reg[8]_P/PRE. The LUT may glitch and trigger an unexpected reset, even if it is a properly timed path.
Related violations: <none>

LUTAR-1#18 Warning
LUT drives async reset alert  
LUT cell Platform_Motion_uut/c1v_reg[8]_LDC_i_2, with 2 or more inputs, drives asynchronous preset/clear pin(s) bounce_uut/c1v_reg[8]_C/CLR, bounce_uut/c1v_reg[8]_LDC/CLR. The LUT may glitch and trigger an unexpected reset, even if it is a properly timed path.
Related violations: <none>

LUTAR-1#19 Warning
LUT drives async reset alert  
LUT cell Platform_Motion_uut/c1v_reg[9]_LDC_i_1, with 2 or more inputs, drives asynchronous preset/clear pin(s) bounce_uut/c1v_reg[9]_P/PRE. The LUT may glitch and trigger an unexpected reset, even if it is a properly timed path.
Related violations: <none>

LUTAR-1#20 Warning
LUT drives async reset alert  
LUT cell Platform_Motion_uut/c1v_reg[9]_LDC_i_2, with 2 or more inputs, drives asynchronous preset/clear pin(s) bounce_uut/c1v_reg[9]_C/CLR, bounce_uut/c1v_reg[9]_LDC/CLR. The LUT may glitch and trigger an unexpected reset, even if it is a properly timed path.
Related violations: <none>

SYNTH-10#1 Warning
Wide multiplier  
Detected multiplier at bounce_uut/ram_addr13 of size 12x18, it is decomposed from a wide multipler into 4 DSP blocks.
Related violations: <none>

SYNTH-10#2 Warning
Wide multiplier  
Detected multiplier at bounce_uut/ram_addr13__0 of size 18x18, it is decomposed from a wide multipler into 4 DSP blocks.
Related violations: <none>

SYNTH-10#3 Warning
Wide multiplier  
Detected multiplier at bounce_uut/ram_addr13__1 of size 18x15, it is decomposed from a wide multipler into 4 DSP blocks.
Related violations: <none>

TIMING-18#1 Warning
Missing input or output delay  
An input delay is missing on BTNC relative to clock(s) sys_clk_pin
Related violations: <none>

TIMING-18#2 Warning
Missing input or output delay  
An output delay is missing on AUD_PWM relative to clock(s) sys_clk_pin
Related violations: <none>

TIMING-20#1 Warning
Non-clocked latch  
The latch bounce_uut/c1v_reg[0]_LDC cannot be properly analyzed as its control pin bounce_uut/c1v_reg[0]_LDC/G is not reached by a timing clock
Related violations: <none>

TIMING-20#2 Warning
Non-clocked latch  
The latch bounce_uut/c1v_reg[1]_LDC cannot be properly analyzed as its control pin bounce_uut/c1v_reg[1]_LDC/G is not reached by a timing clock
Related violations: <none>

TIMING-20#3 Warning
Non-clocked latch  
The latch bounce_uut/c1v_reg[2]_LDC cannot be properly analyzed as its control pin bounce_uut/c1v_reg[2]_LDC/G is not reached by a timing clock
Related violations: <none>

TIMING-20#4 Warning
Non-clocked latch  
The latch bounce_uut/c1v_reg[3]_LDC cannot be properly analyzed as its control pin bounce_uut/c1v_reg[3]_LDC/G is not reached by a timing clock
Related violations: <none>

TIMING-20#5 Warning
Non-clocked latch  
The latch bounce_uut/c1v_reg[4]_LDC cannot be properly analyzed as its control pin bounce_uut/c1v_reg[4]_LDC/G is not reached by a timing clock
Related violations: <none>

TIMING-20#6 Warning
Non-clocked latch  
The latch bounce_uut/c1v_reg[5]_LDC cannot be properly analyzed as its control pin bounce_uut/c1v_reg[5]_LDC/G is not reached by a timing clock
Related violations: <none>

TIMING-20#7 Warning
Non-clocked latch  
The latch bounce_uut/c1v_reg[6]_LDC cannot be properly analyzed as its control pin bounce_uut/c1v_reg[6]_LDC/G is not reached by a timing clock
Related violations: <none>

TIMING-20#8 Warning
Non-clocked latch  
The latch bounce_uut/c1v_reg[7]_LDC cannot be properly analyzed as its control pin bounce_uut/c1v_reg[7]_LDC/G is not reached by a timing clock
Related violations: <none>

TIMING-20#9 Warning
Non-clocked latch  
The latch bounce_uut/c1v_reg[8]_LDC cannot be properly analyzed as its control pin bounce_uut/c1v_reg[8]_LDC/G is not reached by a timing clock
Related violations: <none>

TIMING-20#10 Warning
Non-clocked latch  
The latch bounce_uut/c1v_reg[9]_LDC cannot be properly analyzed as its control pin bounce_uut/c1v_reg[9]_LDC/G is not reached by a timing clock
Related violations: <none>

TIMING-20#11 Warning
Non-clocked latch  
The latch sound_main_uut/music_ctrl_MAP/FSM_sequential_next_state_reg[0] cannot be properly analyzed as its control pin sound_main_uut/music_ctrl_MAP/FSM_sequential_next_state_reg[0]/G is not reached by a timing clock
Related violations: <none>

TIMING-20#12 Warning
Non-clocked latch  
The latch sound_main_uut/music_ctrl_MAP/FSM_sequential_next_state_reg[1] cannot be properly analyzed as its control pin sound_main_uut/music_ctrl_MAP/FSM_sequential_next_state_reg[1]/G is not reached by a timing clock
Related violations: <none>

TIMING-20#13 Warning
Non-clocked latch  
The latch sound_main_uut/music_ctrl_MAP/FSM_sequential_next_state_reg[2] cannot be properly analyzed as its control pin sound_main_uut/music_ctrl_MAP/FSM_sequential_next_state_reg[2]/G is not reached by a timing clock
Related violations: <none>


