Copyright 1986-2019 Xilinx, Inc. All Rights Reserved.
-----------------------------------------------------------------------------------------
| Tool Version : Vivado v.2019.1 (lin64) Build 2552052 Fri May 24 14:47:09 MDT 2019
| Date         : Tue Dec 14 13:54:16 2021
| Host         : QUANTUM-DSKTP running 64-bit Ubuntu 20.04.3 LTS
| Command      : report_control_sets -verbose -file Platform_top_control_sets_placed.rpt
| Design       : Platform_top
| Device       : xc7a100t
-----------------------------------------------------------------------------------------

Control Set Information

Table of Contents
-----------------
1. Summary
2. Histogram
3. Flip-Flop Distribution
4. Detailed Control Set Information

1. Summary
----------

+----------------------------------------------------------+-------+
|                          Status                          | Count |
+----------------------------------------------------------+-------+
| Total control sets                                       |    52 |
|    Minimum number of control sets                        |    52 |
|    Addition due to synthesis replication                 |     0 |
|    Addition due to physical synthesis replication        |     0 |
| Unused register locations in slices containing registers |   288 |
+----------------------------------------------------------+-------+
* Control sets can be merged at opt_design using control_set_merge or merge_equivalent_drivers
** Run report_qor_suggestions for automated merging and remapping suggestions


2. Histogram
------------

+--------------------+-------+
|       Fanout       | Count |
+--------------------+-------+
| Total control sets |    52 |
| >= 0 to < 4        |    34 |
| >= 4 to < 6        |     2 |
| >= 6 to < 8        |     0 |
| >= 8 to < 10       |     3 |
| >= 10 to < 12      |     4 |
| >= 12 to < 14      |     1 |
| >= 14 to < 16      |     0 |
| >= 16              |     8 |
+--------------------+-------+
* Control sets can be remapped at either synth_design or opt_design


3. Flip-Flop Distribution
-------------------------

+--------------+-----------------------+------------------------+-----------------+--------------+
| Clock Enable | Synchronous Set/Reset | Asynchronous Set/Reset | Total Registers | Total Slices |
+--------------+-----------------------+------------------------+-----------------+--------------+
| No           | No                    | No                     |              28 |           14 |
| No           | No                    | Yes                    |             112 |           50 |
| No           | Yes                   | No                     |              24 |           15 |
| Yes          | No                    | No                     |               0 |            0 |
| Yes          | No                    | Yes                    |             116 |           55 |
| Yes          | Yes                   | No                     |               0 |            0 |
+--------------+-----------------------+------------------------+-----------------+--------------+


4. Detailed Control Set Information
-----------------------------------

+-------------------------------------------------------------------------+--------------------------------------------------------------------------------------------+----------------------------------------------------+------------------+----------------+
|                               Clock Signal                              |                                        Enable Signal                                       |                  Set/Reset Signal                  | Slice Load Count | Bel Load Count |
+-------------------------------------------------------------------------+--------------------------------------------------------------------------------------------+----------------------------------------------------+------------------+----------------+
|  clk190_BUFG                                                            | keyConv_uut/U1/p_1_in                                                                      | Platform_Motion_uut/c1v_reg[3]_2                   |                1 |              1 |
|  clk190_BUFG                                                            |                                                                                            | Platform_Motion_uut/c1v_reg[5]_1                   |                1 |              1 |
|  clk190_BUFG                                                            |                                                                                            | Platform_Motion_uut/c1v_reg[5]_4                   |                1 |              1 |
|  clk190_BUFG                                                            |                                                                                            | Platform_Motion_uut/c1v_reg[6]_3                   |                1 |              1 |
|  clk190_BUFG                                                            |                                                                                            | Platform_Motion_uut/BTNC                           |                1 |              1 |
|  clk190_BUFG                                                            |                                                                                            | Platform_Motion_uut/BTNC_2                         |                1 |              1 |
|  clk190_BUFG                                                            | keyConv_uut/U1/p_1_in                                                                      | Platform_Motion_uut/c1v_reg[0]_1                   |                1 |              1 |
|  clk190_BUFG                                                            | keyConv_uut/U1/p_1_in                                                                      | Platform_Motion_uut/c1v_reg[0]_4                   |                1 |              1 |
|  clk190_BUFG                                                            | keyConv_uut/U1/p_1_in                                                                      | Platform_Motion_uut/c1v_reg[1]_1                   |                1 |              1 |
|  clk190_BUFG                                                            | keyConv_uut/U1/p_1_in                                                                      | Platform_Motion_uut/c1v_reg[0]_3                   |                1 |              1 |
|  clk190_BUFG                                                            | keyConv_uut/U1/p_1_in                                                                      | Platform_Motion_uut/c1v_reg[5]_2                   |                1 |              1 |
|  clk190_BUFG                                                            | keyConv_uut/U1/p_1_in                                                                      | Platform_Motion_uut/c1v_reg[5]_3                   |                1 |              1 |
|  clk190_BUFG                                                            | keyConv_uut/U1/p_1_in                                                                      | Platform_Motion_uut/c1v_reg[6]_4                   |                1 |              1 |
|  clk190_BUFG                                                            | keyConv_uut/U1/p_1_in                                                                      | Platform_Motion_uut/BTNC_0                         |                1 |              1 |
|  clk190_BUFG                                                            | keyConv_uut/U1/p_1_in                                                                      | Platform_Motion_uut/BTNC_1                         |                1 |              1 |
|  clk25_BUFG                                                             |                                                                                            |                                                    |                1 |              1 |
|  Platform_Motion_uut/BTNC_0                                             |                                                                                            | Platform_Motion_uut/BTNC                           |                1 |              1 |
|  Platform_Motion_uut/BTNC_1                                             |                                                                                            | Platform_Motion_uut/BTNC_2                         |                1 |              1 |
|  clk190_BUFG                                                            |                                                                                            | Platform_Motion_uut/c1v_reg[1]_0                   |                1 |              1 |
|  Platform_Motion_uut/c1v_reg[0]_1                                       |                                                                                            | Platform_Motion_uut/c1v_reg[0]_0                   |                1 |              1 |
|  Platform_Motion_uut/c1v_reg[0]_3                                       |                                                                                            | Platform_Motion_uut/c1v_reg[0]_2                   |                1 |              1 |
|  Platform_Motion_uut/c1v_reg[0]_4                                       |                                                                                            | Platform_Motion_uut/c1v_reg[0]_5                   |                1 |              1 |
|  Platform_Motion_uut/c1v_reg[1]_1                                       |                                                                                            | Platform_Motion_uut/c1v_reg[1]_0                   |                1 |              1 |
|  Platform_Motion_uut/c1v_reg[3]_2                                       |                                                                                            | Platform_Motion_uut/c1v_reg[3]_3                   |                1 |              1 |
|  Platform_Motion_uut/c1v_reg[5]_2                                       |                                                                                            | Platform_Motion_uut/c1v_reg[5]_1                   |                1 |              1 |
|  Platform_Motion_uut/c1v_reg[5]_3                                       |                                                                                            | Platform_Motion_uut/c1v_reg[5]_4                   |                1 |              1 |
|  Platform_Motion_uut/c1v_reg[6]_4                                       |                                                                                            | Platform_Motion_uut/c1v_reg[6]_3                   |                1 |              1 |
|  clk190_BUFG                                                            |                                                                                            | Platform_Motion_uut/c1v_reg[3]_3                   |                1 |              1 |
|  clk190_BUFG                                                            |                                                                                            | Platform_Motion_uut/c1v_reg[0]_5                   |                1 |              1 |
|  clk190_BUFG                                                            |                                                                                            | Platform_Motion_uut/c1v_reg[0]_0                   |                1 |              1 |
|  clk190_BUFG                                                            |                                                                                            | Platform_Motion_uut/c1v_reg[0]_2                   |                1 |              1 |
|  CLK100MHZ_IBUF_BUFG                                                    |                                                                                            | sound_main_uut/sound_top_MAP/aud_pwm_mod_MAP/gtOp  |                1 |              1 |
| ~clk                                                                    |                                                                                            |                                                    |                2 |              2 |
|  sound_main_uut/music_ctrl_MAP/FSM_sequential_next_state_reg[2]_i_2_n_0 |                                                                                            |                                                    |                1 |              3 |
|  clk190_BUFG                                                            |                                                                                            | BTNC_IBUF                                          |                4 |              4 |
|  clk25_BUFG                                                             | keyConv_uut/U1/bit_count                                                                   | BTNC_IBUF                                          |                1 |              4 |
|  clk25_BUFG                                                             | keyConv_uut/U1/keyval2s_1                                                                  | BTNC_IBUF                                          |                1 |              8 |
|  clk25_BUFG                                                             | keyConv_uut/U1/keyval1s_2                                                                  | BTNC_IBUF                                          |                1 |              8 |
|  clk25_BUFG                                                             | dpram_uut/U0/synth_options.dist_mem_inst/gen_dp_ram.dpram_inst/ram_reg_0_31_0_0_i_1_n_0    |                                                    |                1 |              8 |
|  clk25_BUFG                                                             | keyConv_uut/U1/shift2                                                                      | BTNC_IBUF                                          |                3 |             10 |
|  clk25_BUFG                                                             | vga_640x480_uut/vsenable                                                                   | BTNC_IBUF                                          |                7 |             10 |
|  clk25_BUFG                                                             | keyConv_uut/U1/shift1_0                                                                    | BTNC_IBUF                                          |                2 |             10 |
|  clkdiv_uut/CLK                                                         | keyConv_uut/U1/E[0]                                                                        | BTNC_IBUF                                          |                5 |             10 |
|  CLK100MHZ_IBUF_BUFG                                                    |                                                                                            | sound_main_uut/sound_top_MAP/aud_pwm_mod_MAP/clear |                4 |             13 |
|  clk25_BUFG                                                             | dpram_uut/U0/synth_options.dist_mem_inst/gen_dp_ram.dpram_inst/ram_reg_0_127_0_0_i_1_n_0   |                                                    |                4 |             16 |
|  clk25_BUFG                                                             | dpram_uut/U0/synth_options.dist_mem_inst/gen_dp_ram.dpram_inst/ram_reg_128_255_0_0_i_1_n_0 |                                                    |                4 |             16 |
| ~clk                                                                    |                                                                                            | BTNC_IBUF                                          |                5 |             16 |
| ~clk                                                                    | sound_main_uut/sound_top_MAP/music_counter_MAP/cnt[0]_i_1_n_0                              | BTNC_IBUF                                          |                5 |             18 |
|  CLK100MHZ_IBUF_BUFG                                                    |                                                                                            |                                                    |               10 |             22 |
|  clk190_BUFG                                                            | bounce_uut/r1v                                                                             | BTNC_IBUF                                          |               20 |             28 |
|  clk25_BUFG                                                             |                                                                                            | BTNC_IBUF                                          |               15 |             39 |
|  CLK100MHZ_IBUF_BUFG                                                    |                                                                                            | BTNC_IBUF                                          |               16 |             43 |
+-------------------------------------------------------------------------+--------------------------------------------------------------------------------------------+----------------------------------------------------+------------------+----------------+


