Copyright 1986-2019 Xilinx, Inc. All Rights Reserved.
--------------------------------------------------------------------------------------------------------------------------------------------------------------------------------------------------------------------------------
| Tool Version : Vivado v.2019.1 (lin64) Build 2552052 Fri May 24 14:47:09 MDT 2019
| Date         : Sat Dec  4 19:46:36 2021
| Host         : QUANTUM-DSKTP running 64-bit Ubuntu 20.04.3 LTS
| Command      : report_timing_summary -max_paths 10 -file vga_ScreenSaver_top_timing_summary_routed.rpt -pb vga_ScreenSaver_top_timing_summary_routed.pb -rpx vga_ScreenSaver_top_timing_summary_routed.rpx -warn_on_violation
| Design       : vga_ScreenSaver_top
| Device       : 7a100t-csg324
| Speed File   : -1  PRODUCTION 1.23 2018-06-13
--------------------------------------------------------------------------------------------------------------------------------------------------------------------------------------------------------------------------------

Timing Summary Report

------------------------------------------------------------------------------------------------
| Timer Settings
| --------------
------------------------------------------------------------------------------------------------

  Enable Multi Corner Analysis               :  Yes
  Enable Pessimism Removal                   :  Yes
  Pessimism Removal Resolution               :  Nearest Common Node
  Enable Input Delay Default Clock           :  No
  Enable Preset / Clear Arcs                 :  No
  Disable Flight Delays                      :  No
  Ignore I/O Paths                           :  No
  Timing Early Launch at Borrowing Latches   :  No
  Borrow Time for Max Delay Exceptions       :  Yes

  Corner  Analyze    Analyze    
  Name    Max Paths  Min Paths  
  ------  ---------  ---------  
  Slow    Yes        Yes        
  Fast    Yes        Yes        



check_timing report

Table of Contents
-----------------
1. checking no_clock
2. checking constant_clock
3. checking pulse_width_clock
4. checking unconstrained_internal_endpoints
5. checking no_input_delay
6. checking no_output_delay
7. checking multiple_clock
8. checking generated_clocks
9. checking loops
10. checking partial_input_delay
11. checking partial_output_delay
12. checking latch_loops

1. checking no_clock
--------------------
 There are 42 register/latch pins with no clock driven by root clock pin: U1/q_reg[18]/Q (HIGH)

 There are 23 register/latch pins with no clock driven by root clock pin: U1/q_reg[1]/Q (HIGH)


2. checking constant_clock
--------------------------
 There are 0 register/latch pins with constant_clock.


3. checking pulse_width_clock
-----------------------------
 There are 0 register/latch pins which need pulse_width check


4. checking unconstrained_internal_endpoints
--------------------------------------------
 There are 185 pins that are not constrained for maximum delay. (HIGH)

 There are 0 pins that are not constrained for maximum delay due to constant clock.


5. checking no_input_delay
--------------------------
 There are 4 input ports with no input delay specified. (HIGH)

 There are 0 input ports with no input delay but user has a false path constraint.


6. checking no_output_delay
---------------------------
 There are 10 ports with no output delay specified. (HIGH)

 There are 0 ports with no output delay but user has a false path constraint

 There are 0 ports with no output delay but with a timing clock defined on it or propagating through it


7. checking multiple_clock
--------------------------
 There are 0 register/latch pins with multiple clocks.


8. checking generated_clocks
----------------------------
 There are 0 generated clocks that are not connected to a clock source.


9. checking loops
-----------------
 There are 0 combinational loops in the design.


10. checking partial_input_delay
--------------------------------
 There are 0 input ports with partial input delay specified.


11. checking partial_output_delay
---------------------------------
 There are 0 ports with partial output delay specified.


12. checking latch_loops
------------------------
 There are 0 combinational latch loops in the design through latch input



------------------------------------------------------------------------------------------------
| Design Timing Summary
| ---------------------
------------------------------------------------------------------------------------------------

    WNS(ns)      TNS(ns)  TNS Failing Endpoints  TNS Total Endpoints      WHS(ns)      THS(ns)  THS Failing Endpoints  THS Total Endpoints     WPWS(ns)     TPWS(ns)  TPWS Failing Endpoints  TPWS Total Endpoints  
    -------      -------  ---------------------  -------------------      -------      -------  ---------------------  -------------------     --------     --------  ----------------------  --------------------  
      6.373        0.000                      0                   19        0.252        0.000                      0                   19        4.500        0.000                       0                    20  


All user specified timing constraints are met.


------------------------------------------------------------------------------------------------
| Clock Summary
| -------------
------------------------------------------------------------------------------------------------

Clock        Waveform(ns)       Period(ns)      Frequency(MHz)
-----        ------------       ----------      --------------
sys_clk_pin  {0.000 5.000}      10.000          100.000         


------------------------------------------------------------------------------------------------
| Intra Clock Table
| -----------------
------------------------------------------------------------------------------------------------

Clock             WNS(ns)      TNS(ns)  TNS Failing Endpoints  TNS Total Endpoints      WHS(ns)      THS(ns)  THS Failing Endpoints  THS Total Endpoints     WPWS(ns)     TPWS(ns)  TPWS Failing Endpoints  TPWS Total Endpoints  
-----             -------      -------  ---------------------  -------------------      -------      -------  ---------------------  -------------------     --------     --------  ----------------------  --------------------  
sys_clk_pin         6.373        0.000                      0                   19        0.252        0.000                      0                   19        4.500        0.000                       0                    20  


------------------------------------------------------------------------------------------------
| Inter Clock Table
| -----------------
------------------------------------------------------------------------------------------------

From Clock    To Clock          WNS(ns)      TNS(ns)  TNS Failing Endpoints  TNS Total Endpoints      WHS(ns)      THS(ns)  THS Failing Endpoints  THS Total Endpoints  
----------    --------          -------      -------  ---------------------  -------------------      -------      -------  ---------------------  -------------------  


------------------------------------------------------------------------------------------------
| Other Path Groups Table
| -----------------------
------------------------------------------------------------------------------------------------

Path Group    From Clock    To Clock          WNS(ns)      TNS(ns)  TNS Failing Endpoints  TNS Total Endpoints      WHS(ns)      THS(ns)  THS Failing Endpoints  THS Total Endpoints  
----------    ----------    --------          -------      -------  ---------------------  -------------------      -------      -------  ---------------------  -------------------  


------------------------------------------------------------------------------------------------
| Timing Details
| --------------
------------------------------------------------------------------------------------------------


---------------------------------------------------------------------------------------------------
From Clock:  sys_clk_pin
  To Clock:  sys_clk_pin

Setup :            0  Failing Endpoints,  Worst Slack        6.373ns,  Total Violation        0.000ns
Hold  :            0  Failing Endpoints,  Worst Slack        0.252ns,  Total Violation        0.000ns
PW    :            0  Failing Endpoints,  Worst Slack        4.500ns,  Total Violation        0.000ns
---------------------------------------------------------------------------------------------------


Max Delay Paths
--------------------------------------------------------------------------------------
Slack (MET) :             6.373ns  (required time - arrival time)
  Source:                 U1/q_reg[18]/C
                            (rising edge-triggered cell FDCE clocked by sys_clk_pin  {rise@0.000ns fall@5.000ns period=10.000ns})
  Destination:            U1/q_reg[18]/D
                            (rising edge-triggered cell FDCE clocked by sys_clk_pin  {rise@0.000ns fall@5.000ns period=10.000ns})
  Path Group:             sys_clk_pin
  Path Type:              Setup (Max at Slow Process Corner)
  Requirement:            10.000ns  (sys_clk_pin rise@10.000ns - sys_clk_pin rise@0.000ns)
  Data Path Delay:        3.654ns  (logic 0.924ns (25.289%)  route 2.730ns (74.711%))
  Logic Levels:           2  (BUFG=1 CARRY4=1)
  Clock Path Skew:        0.000ns (DCD - SCD + CPR)
    Destination Clock Delay (DCD):    4.924ns = ( 14.924 - 10.000 ) 
    Source Clock Delay      (SCD):    5.225ns
    Clock Pessimism Removal (CPR):    0.301ns
  Clock Uncertainty:      0.035ns  ((TSJ^2 + TIJ^2)^1/2 + DJ) / 2 + PE
    Total System Jitter     (TSJ):    0.071ns
    Total Input Jitter      (TIJ):    0.000ns
    Discrete Jitter          (DJ):    0.000ns
    Phase Error              (PE):    0.000ns

    Location             Delay type                Incr(ns)  Path(ns)    Netlist Resource(s)
  -------------------------------------------------------------------    -------------------
                         (clock sys_clk_pin rise edge)
                                                      0.000     0.000 r  
    E3                                                0.000     0.000 r  mclk (IN)
                         net (fo=0)                   0.000     0.000    mclk
    E3                   IBUF (Prop_ibuf_I_O)         1.482     1.482 r  mclk_IBUF_inst/O
                         net (fo=1, routed)           2.025     3.506    mclk_IBUF
    BUFGCTRL_X0Y16       BUFG (Prop_bufg_I_O)         0.096     3.602 r  mclk_IBUF_BUFG_inst/O
                         net (fo=19, routed)          1.622     5.225    U1/mclk
    SLICE_X57Y87         FDCE                                         r  U1/q_reg[18]/C
  -------------------------------------------------------------------    -------------------
    SLICE_X57Y87         FDCE (Prop_fdce_C_Q)         0.456     5.681 r  U1/q_reg[18]/Q
                         net (fo=1, routed)           0.964     6.644    cclk
    BUFGCTRL_X0Y0        BUFG (Prop_bufg_I_O)         0.096     6.740 r  cclk_BUFG_inst/O
                         net (fo=43, routed)          1.766     8.506    U1/S[0]
    SLICE_X57Y87         CARRY4 (Prop_carry4_S[2]_O[2])
                                                      0.372     8.878 r  U1/q_reg[16]_i_1/O[2]
                         net (fo=1, routed)           0.000     8.878    U1/q_reg[16]_i_1_n_5
    SLICE_X57Y87         FDCE                                         r  U1/q_reg[18]/D
  -------------------------------------------------------------------    -------------------

                         (clock sys_clk_pin rise edge)
                                                     10.000    10.000 r  
    E3                                                0.000    10.000 r  mclk (IN)
                         net (fo=0)                   0.000    10.000    mclk
    E3                   IBUF (Prop_ibuf_I_O)         1.411    11.411 r  mclk_IBUF_inst/O
                         net (fo=1, routed)           1.920    13.331    mclk_IBUF
    BUFGCTRL_X0Y16       BUFG (Prop_bufg_I_O)         0.091    13.422 r  mclk_IBUF_BUFG_inst/O
                         net (fo=19, routed)          1.501    14.924    U1/mclk
    SLICE_X57Y87         FDCE                                         r  U1/q_reg[18]/C
                         clock pessimism              0.301    15.225    
                         clock uncertainty           -0.035    15.189    
    SLICE_X57Y87         FDCE (Setup_fdce_C_D)        0.062    15.251    U1/q_reg[18]
  -------------------------------------------------------------------
                         required time                         15.251    
                         arrival time                          -8.878    
  -------------------------------------------------------------------
                         slack                                  6.373    

Slack (MET) :             7.281ns  (required time - arrival time)
  Source:                 U1/q_reg[1]/C
                            (rising edge-triggered cell FDCE clocked by sys_clk_pin  {rise@0.000ns fall@5.000ns period=10.000ns})
  Destination:            U1/q_reg[17]/D
                            (rising edge-triggered cell FDCE clocked by sys_clk_pin  {rise@0.000ns fall@5.000ns period=10.000ns})
  Path Group:             sys_clk_pin
  Path Type:              Setup (Max at Slow Process Corner)
  Requirement:            10.000ns  (sys_clk_pin rise@10.000ns - sys_clk_pin rise@0.000ns)
  Data Path Delay:        2.724ns  (logic 1.806ns (66.291%)  route 0.918ns (33.708%))
  Logic Levels:           5  (CARRY4=5)
  Clock Path Skew:        -0.021ns (DCD - SCD + CPR)
    Destination Clock Delay (DCD):    4.924ns = ( 14.924 - 10.000 ) 
    Source Clock Delay      (SCD):    5.221ns
    Clock Pessimism Removal (CPR):    0.276ns
  Clock Uncertainty:      0.035ns  ((TSJ^2 + TIJ^2)^1/2 + DJ) / 2 + PE
    Total System Jitter     (TSJ):    0.071ns
    Total Input Jitter      (TIJ):    0.000ns
    Discrete Jitter          (DJ):    0.000ns
    Phase Error              (PE):    0.000ns

    Location             Delay type                Incr(ns)  Path(ns)    Netlist Resource(s)
  -------------------------------------------------------------------    -------------------
                         (clock sys_clk_pin rise edge)
                                                      0.000     0.000 r  
    E3                                                0.000     0.000 r  mclk (IN)
                         net (fo=0)                   0.000     0.000    mclk
    E3                   IBUF (Prop_ibuf_I_O)         1.482     1.482 r  mclk_IBUF_inst/O
                         net (fo=1, routed)           2.025     3.506    mclk_IBUF
    BUFGCTRL_X0Y16       BUFG (Prop_bufg_I_O)         0.096     3.602 r  mclk_IBUF_BUFG_inst/O
                         net (fo=19, routed)          1.618     5.221    U1/mclk
    SLICE_X57Y83         FDCE                                         r  U1/q_reg[1]/C
  -------------------------------------------------------------------    -------------------
    SLICE_X57Y83         FDCE (Prop_fdce_C_Q)         0.456     5.677 r  U1/q_reg[1]/Q
                         net (fo=24, routed)          0.918     6.595    U1/out[0]
    SLICE_X57Y83         CARRY4 (Prop_carry4_S[1]_CO[3])
                                                      0.674     7.269 r  U1/q_reg[0]_i_1/CO[3]
                         net (fo=1, routed)           0.000     7.269    U1/q_reg[0]_i_1_n_0
    SLICE_X57Y84         CARRY4 (Prop_carry4_CI_CO[3])
                                                      0.114     7.383 r  U1/q_reg[4]_i_1/CO[3]
                         net (fo=1, routed)           0.000     7.383    U1/q_reg[4]_i_1_n_0
    SLICE_X57Y85         CARRY4 (Prop_carry4_CI_CO[3])
                                                      0.114     7.497 r  U1/q_reg[8]_i_1/CO[3]
                         net (fo=1, routed)           0.000     7.497    U1/q_reg[8]_i_1_n_0
    SLICE_X57Y86         CARRY4 (Prop_carry4_CI_CO[3])
                                                      0.114     7.611 r  U1/q_reg[12]_i_1/CO[3]
                         net (fo=1, routed)           0.000     7.611    U1/q_reg[12]_i_1_n_0
    SLICE_X57Y87         CARRY4 (Prop_carry4_CI_O[1])
                                                      0.334     7.945 r  U1/q_reg[16]_i_1/O[1]
                         net (fo=1, routed)           0.000     7.945    U1/q_reg[16]_i_1_n_6
    SLICE_X57Y87         FDCE                                         r  U1/q_reg[17]/D
  -------------------------------------------------------------------    -------------------

                         (clock sys_clk_pin rise edge)
                                                     10.000    10.000 r  
    E3                                                0.000    10.000 r  mclk (IN)
                         net (fo=0)                   0.000    10.000    mclk
    E3                   IBUF (Prop_ibuf_I_O)         1.411    11.411 r  mclk_IBUF_inst/O
                         net (fo=1, routed)           1.920    13.331    mclk_IBUF
    BUFGCTRL_X0Y16       BUFG (Prop_bufg_I_O)         0.091    13.422 r  mclk_IBUF_BUFG_inst/O
                         net (fo=19, routed)          1.501    14.924    U1/mclk
    SLICE_X57Y87         FDCE                                         r  U1/q_reg[17]/C
                         clock pessimism              0.276    15.200    
                         clock uncertainty           -0.035    15.164    
    SLICE_X57Y87         FDCE (Setup_fdce_C_D)        0.062    15.226    U1/q_reg[17]
  -------------------------------------------------------------------
                         required time                         15.226    
                         arrival time                          -7.945    
  -------------------------------------------------------------------
                         slack                                  7.281    

Slack (MET) :             7.392ns  (required time - arrival time)
  Source:                 U1/q_reg[1]/C
                            (rising edge-triggered cell FDCE clocked by sys_clk_pin  {rise@0.000ns fall@5.000ns period=10.000ns})
  Destination:            U1/q_reg[16]/D
                            (rising edge-triggered cell FDCE clocked by sys_clk_pin  {rise@0.000ns fall@5.000ns period=10.000ns})
  Path Group:             sys_clk_pin
  Path Type:              Setup (Max at Slow Process Corner)
  Requirement:            10.000ns  (sys_clk_pin rise@10.000ns - sys_clk_pin rise@0.000ns)
  Data Path Delay:        2.613ns  (logic 1.695ns (64.860%)  route 0.918ns (35.140%))
  Logic Levels:           5  (CARRY4=5)
  Clock Path Skew:        -0.021ns (DCD - SCD + CPR)
    Destination Clock Delay (DCD):    4.924ns = ( 14.924 - 10.000 ) 
    Source Clock Delay      (SCD):    5.221ns
    Clock Pessimism Removal (CPR):    0.276ns
  Clock Uncertainty:      0.035ns  ((TSJ^2 + TIJ^2)^1/2 + DJ) / 2 + PE
    Total System Jitter     (TSJ):    0.071ns
    Total Input Jitter      (TIJ):    0.000ns
    Discrete Jitter          (DJ):    0.000ns
    Phase Error              (PE):    0.000ns

    Location             Delay type                Incr(ns)  Path(ns)    Netlist Resource(s)
  -------------------------------------------------------------------    -------------------
                         (clock sys_clk_pin rise edge)
                                                      0.000     0.000 r  
    E3                                                0.000     0.000 r  mclk (IN)
                         net (fo=0)                   0.000     0.000    mclk
    E3                   IBUF (Prop_ibuf_I_O)         1.482     1.482 r  mclk_IBUF_inst/O
                         net (fo=1, routed)           2.025     3.506    mclk_IBUF
    BUFGCTRL_X0Y16       BUFG (Prop_bufg_I_O)         0.096     3.602 r  mclk_IBUF_BUFG_inst/O
                         net (fo=19, routed)          1.618     5.221    U1/mclk
    SLICE_X57Y83         FDCE                                         r  U1/q_reg[1]/C
  -------------------------------------------------------------------    -------------------
    SLICE_X57Y83         FDCE (Prop_fdce_C_Q)         0.456     5.677 r  U1/q_reg[1]/Q
                         net (fo=24, routed)          0.918     6.595    U1/out[0]
    SLICE_X57Y83         CARRY4 (Prop_carry4_S[1]_CO[3])
                                                      0.674     7.269 r  U1/q_reg[0]_i_1/CO[3]
                         net (fo=1, routed)           0.000     7.269    U1/q_reg[0]_i_1_n_0
    SLICE_X57Y84         CARRY4 (Prop_carry4_CI_CO[3])
                                                      0.114     7.383 r  U1/q_reg[4]_i_1/CO[3]
                         net (fo=1, routed)           0.000     7.383    U1/q_reg[4]_i_1_n_0
    SLICE_X57Y85         CARRY4 (Prop_carry4_CI_CO[3])
                                                      0.114     7.497 r  U1/q_reg[8]_i_1/CO[3]
                         net (fo=1, routed)           0.000     7.497    U1/q_reg[8]_i_1_n_0
    SLICE_X57Y86         CARRY4 (Prop_carry4_CI_CO[3])
                                                      0.114     7.611 r  U1/q_reg[12]_i_1/CO[3]
                         net (fo=1, routed)           0.000     7.611    U1/q_reg[12]_i_1_n_0
    SLICE_X57Y87         CARRY4 (Prop_carry4_CI_O[0])
                                                      0.223     7.834 r  U1/q_reg[16]_i_1/O[0]
                         net (fo=1, routed)           0.000     7.834    U1/q_reg[16]_i_1_n_7
    SLICE_X57Y87         FDCE                                         r  U1/q_reg[16]/D
  -------------------------------------------------------------------    -------------------

                         (clock sys_clk_pin rise edge)
                                                     10.000    10.000 r  
    E3                                                0.000    10.000 r  mclk (IN)
                         net (fo=0)                   0.000    10.000    mclk
    E3                   IBUF (Prop_ibuf_I_O)         1.411    11.411 r  mclk_IBUF_inst/O
                         net (fo=1, routed)           1.920    13.331    mclk_IBUF
    BUFGCTRL_X0Y16       BUFG (Prop_bufg_I_O)         0.091    13.422 r  mclk_IBUF_BUFG_inst/O
                         net (fo=19, routed)          1.501    14.924    U1/mclk
    SLICE_X57Y87         FDCE                                         r  U1/q_reg[16]/C
                         clock pessimism              0.276    15.200    
                         clock uncertainty           -0.035    15.164    
    SLICE_X57Y87         FDCE (Setup_fdce_C_D)        0.062    15.226    U1/q_reg[16]
  -------------------------------------------------------------------
                         required time                         15.226    
                         arrival time                          -7.834    
  -------------------------------------------------------------------
                         slack                                  7.392    

Slack (MET) :             7.394ns  (required time - arrival time)
  Source:                 U1/q_reg[1]/C
                            (rising edge-triggered cell FDCE clocked by sys_clk_pin  {rise@0.000ns fall@5.000ns period=10.000ns})
  Destination:            U1/q_reg[13]/D
                            (rising edge-triggered cell FDCE clocked by sys_clk_pin  {rise@0.000ns fall@5.000ns period=10.000ns})
  Path Group:             sys_clk_pin
  Path Type:              Setup (Max at Slow Process Corner)
  Requirement:            10.000ns  (sys_clk_pin rise@10.000ns - sys_clk_pin rise@0.000ns)
  Data Path Delay:        2.610ns  (logic 1.692ns (64.819%)  route 0.918ns (35.181%))
  Logic Levels:           4  (CARRY4=4)
  Clock Path Skew:        -0.022ns (DCD - SCD + CPR)
    Destination Clock Delay (DCD):    4.923ns = ( 14.923 - 10.000 ) 
    Source Clock Delay      (SCD):    5.221ns
    Clock Pessimism Removal (CPR):    0.276ns
  Clock Uncertainty:      0.035ns  ((TSJ^2 + TIJ^2)^1/2 + DJ) / 2 + PE
    Total System Jitter     (TSJ):    0.071ns
    Total Input Jitter      (TIJ):    0.000ns
    Discrete Jitter          (DJ):    0.000ns
    Phase Error              (PE):    0.000ns

    Location             Delay type                Incr(ns)  Path(ns)    Netlist Resource(s)
  -------------------------------------------------------------------    -------------------
                         (clock sys_clk_pin rise edge)
                                                      0.000     0.000 r  
    E3                                                0.000     0.000 r  mclk (IN)
                         net (fo=0)                   0.000     0.000    mclk
    E3                   IBUF (Prop_ibuf_I_O)         1.482     1.482 r  mclk_IBUF_inst/O
                         net (fo=1, routed)           2.025     3.506    mclk_IBUF
    BUFGCTRL_X0Y16       BUFG (Prop_bufg_I_O)         0.096     3.602 r  mclk_IBUF_BUFG_inst/O
                         net (fo=19, routed)          1.618     5.221    U1/mclk
    SLICE_X57Y83         FDCE                                         r  U1/q_reg[1]/C
  -------------------------------------------------------------------    -------------------
    SLICE_X57Y83         FDCE (Prop_fdce_C_Q)         0.456     5.677 r  U1/q_reg[1]/Q
                         net (fo=24, routed)          0.918     6.595    U1/out[0]
    SLICE_X57Y83         CARRY4 (Prop_carry4_S[1]_CO[3])
                                                      0.674     7.269 r  U1/q_reg[0]_i_1/CO[3]
                         net (fo=1, routed)           0.000     7.269    U1/q_reg[0]_i_1_n_0
    SLICE_X57Y84         CARRY4 (Prop_carry4_CI_CO[3])
                                                      0.114     7.383 r  U1/q_reg[4]_i_1/CO[3]
                         net (fo=1, routed)           0.000     7.383    U1/q_reg[4]_i_1_n_0
    SLICE_X57Y85         CARRY4 (Prop_carry4_CI_CO[3])
                                                      0.114     7.497 r  U1/q_reg[8]_i_1/CO[3]
                         net (fo=1, routed)           0.000     7.497    U1/q_reg[8]_i_1_n_0
    SLICE_X57Y86         CARRY4 (Prop_carry4_CI_O[1])
                                                      0.334     7.831 r  U1/q_reg[12]_i_1/O[1]
                         net (fo=1, routed)           0.000     7.831    U1/q_reg[12]_i_1_n_6
    SLICE_X57Y86         FDCE                                         r  U1/q_reg[13]/D
  -------------------------------------------------------------------    -------------------

                         (clock sys_clk_pin rise edge)
                                                     10.000    10.000 r  
    E3                                                0.000    10.000 r  mclk (IN)
                         net (fo=0)                   0.000    10.000    mclk
    E3                   IBUF (Prop_ibuf_I_O)         1.411    11.411 r  mclk_IBUF_inst/O
                         net (fo=1, routed)           1.920    13.331    mclk_IBUF
    BUFGCTRL_X0Y16       BUFG (Prop_bufg_I_O)         0.091    13.422 r  mclk_IBUF_BUFG_inst/O
                         net (fo=19, routed)          1.500    14.923    U1/mclk
    SLICE_X57Y86         FDCE                                         r  U1/q_reg[13]/C
                         clock pessimism              0.276    15.199    
                         clock uncertainty           -0.035    15.163    
    SLICE_X57Y86         FDCE (Setup_fdce_C_D)        0.062    15.225    U1/q_reg[13]
  -------------------------------------------------------------------
                         required time                         15.225    
                         arrival time                          -7.831    
  -------------------------------------------------------------------
                         slack                                  7.394    

Slack (MET) :             7.415ns  (required time - arrival time)
  Source:                 U1/q_reg[1]/C
                            (rising edge-triggered cell FDCE clocked by sys_clk_pin  {rise@0.000ns fall@5.000ns period=10.000ns})
  Destination:            U1/q_reg[15]/D
                            (rising edge-triggered cell FDCE clocked by sys_clk_pin  {rise@0.000ns fall@5.000ns period=10.000ns})
  Path Group:             sys_clk_pin
  Path Type:              Setup (Max at Slow Process Corner)
  Requirement:            10.000ns  (sys_clk_pin rise@10.000ns - sys_clk_pin rise@0.000ns)
  Data Path Delay:        2.589ns  (logic 1.671ns (64.534%)  route 0.918ns (35.466%))
  Logic Levels:           4  (CARRY4=4)
  Clock Path Skew:        -0.022ns (DCD - SCD + CPR)
    Destination Clock Delay (DCD):    4.923ns = ( 14.923 - 10.000 ) 
    Source Clock Delay      (SCD):    5.221ns
    Clock Pessimism Removal (CPR):    0.276ns
  Clock Uncertainty:      0.035ns  ((TSJ^2 + TIJ^2)^1/2 + DJ) / 2 + PE
    Total System Jitter     (TSJ):    0.071ns
    Total Input Jitter      (TIJ):    0.000ns
    Discrete Jitter          (DJ):    0.000ns
    Phase Error              (PE):    0.000ns

    Location             Delay type                Incr(ns)  Path(ns)    Netlist Resource(s)
  -------------------------------------------------------------------    -------------------
                         (clock sys_clk_pin rise edge)
                                                      0.000     0.000 r  
    E3                                                0.000     0.000 r  mclk (IN)
                         net (fo=0)                   0.000     0.000    mclk
    E3                   IBUF (Prop_ibuf_I_O)         1.482     1.482 r  mclk_IBUF_inst/O
                         net (fo=1, routed)           2.025     3.506    mclk_IBUF
    BUFGCTRL_X0Y16       BUFG (Prop_bufg_I_O)         0.096     3.602 r  mclk_IBUF_BUFG_inst/O
                         net (fo=19, routed)          1.618     5.221    U1/mclk
    SLICE_X57Y83         FDCE                                         r  U1/q_reg[1]/C
  -------------------------------------------------------------------    -------------------
    SLICE_X57Y83         FDCE (Prop_fdce_C_Q)         0.456     5.677 r  U1/q_reg[1]/Q
                         net (fo=24, routed)          0.918     6.595    U1/out[0]
    SLICE_X57Y83         CARRY4 (Prop_carry4_S[1]_CO[3])
                                                      0.674     7.269 r  U1/q_reg[0]_i_1/CO[3]
                         net (fo=1, routed)           0.000     7.269    U1/q_reg[0]_i_1_n_0
    SLICE_X57Y84         CARRY4 (Prop_carry4_CI_CO[3])
                                                      0.114     7.383 r  U1/q_reg[4]_i_1/CO[3]
                         net (fo=1, routed)           0.000     7.383    U1/q_reg[4]_i_1_n_0
    SLICE_X57Y85         CARRY4 (Prop_carry4_CI_CO[3])
                                                      0.114     7.497 r  U1/q_reg[8]_i_1/CO[3]
                         net (fo=1, routed)           0.000     7.497    U1/q_reg[8]_i_1_n_0
    SLICE_X57Y86         CARRY4 (Prop_carry4_CI_O[3])
                                                      0.313     7.810 r  U1/q_reg[12]_i_1/O[3]
                         net (fo=1, routed)           0.000     7.810    U1/q_reg[12]_i_1_n_4
    SLICE_X57Y86         FDCE                                         r  U1/q_reg[15]/D
  -------------------------------------------------------------------    -------------------

                         (clock sys_clk_pin rise edge)
                                                     10.000    10.000 r  
    E3                                                0.000    10.000 r  mclk (IN)
                         net (fo=0)                   0.000    10.000    mclk
    E3                   IBUF (Prop_ibuf_I_O)         1.411    11.411 r  mclk_IBUF_inst/O
                         net (fo=1, routed)           1.920    13.331    mclk_IBUF
    BUFGCTRL_X0Y16       BUFG (Prop_bufg_I_O)         0.091    13.422 r  mclk_IBUF_BUFG_inst/O
                         net (fo=19, routed)          1.500    14.923    U1/mclk
    SLICE_X57Y86         FDCE                                         r  U1/q_reg[15]/C
                         clock pessimism              0.276    15.199    
                         clock uncertainty           -0.035    15.163    
    SLICE_X57Y86         FDCE (Setup_fdce_C_D)        0.062    15.225    U1/q_reg[15]
  -------------------------------------------------------------------
                         required time                         15.225    
                         arrival time                          -7.810    
  -------------------------------------------------------------------
                         slack                                  7.415    

Slack (MET) :             7.489ns  (required time - arrival time)
  Source:                 U1/q_reg[1]/C
                            (rising edge-triggered cell FDCE clocked by sys_clk_pin  {rise@0.000ns fall@5.000ns period=10.000ns})
  Destination:            U1/q_reg[14]/D
                            (rising edge-triggered cell FDCE clocked by sys_clk_pin  {rise@0.000ns fall@5.000ns period=10.000ns})
  Path Group:             sys_clk_pin
  Path Type:              Setup (Max at Slow Process Corner)
  Requirement:            10.000ns  (sys_clk_pin rise@10.000ns - sys_clk_pin rise@0.000ns)
  Data Path Delay:        2.515ns  (logic 1.597ns (63.491%)  route 0.918ns (36.509%))
  Logic Levels:           4  (CARRY4=4)
  Clock Path Skew:        -0.022ns (DCD - SCD + CPR)
    Destination Clock Delay (DCD):    4.923ns = ( 14.923 - 10.000 ) 
    Source Clock Delay      (SCD):    5.221ns
    Clock Pessimism Removal (CPR):    0.276ns
  Clock Uncertainty:      0.035ns  ((TSJ^2 + TIJ^2)^1/2 + DJ) / 2 + PE
    Total System Jitter     (TSJ):    0.071ns
    Total Input Jitter      (TIJ):    0.000ns
    Discrete Jitter          (DJ):    0.000ns
    Phase Error              (PE):    0.000ns

    Location             Delay type                Incr(ns)  Path(ns)    Netlist Resource(s)
  -------------------------------------------------------------------    -------------------
                         (clock sys_clk_pin rise edge)
                                                      0.000     0.000 r  
    E3                                                0.000     0.000 r  mclk (IN)
                         net (fo=0)                   0.000     0.000    mclk
    E3                   IBUF (Prop_ibuf_I_O)         1.482     1.482 r  mclk_IBUF_inst/O
                         net (fo=1, routed)           2.025     3.506    mclk_IBUF
    BUFGCTRL_X0Y16       BUFG (Prop_bufg_I_O)         0.096     3.602 r  mclk_IBUF_BUFG_inst/O
                         net (fo=19, routed)          1.618     5.221    U1/mclk
    SLICE_X57Y83         FDCE                                         r  U1/q_reg[1]/C
  -------------------------------------------------------------------    -------------------
    SLICE_X57Y83         FDCE (Prop_fdce_C_Q)         0.456     5.677 r  U1/q_reg[1]/Q
                         net (fo=24, routed)          0.918     6.595    U1/out[0]
    SLICE_X57Y83         CARRY4 (Prop_carry4_S[1]_CO[3])
                                                      0.674     7.269 r  U1/q_reg[0]_i_1/CO[3]
                         net (fo=1, routed)           0.000     7.269    U1/q_reg[0]_i_1_n_0
    SLICE_X57Y84         CARRY4 (Prop_carry4_CI_CO[3])
                                                      0.114     7.383 r  U1/q_reg[4]_i_1/CO[3]
                         net (fo=1, routed)           0.000     7.383    U1/q_reg[4]_i_1_n_0
    SLICE_X57Y85         CARRY4 (Prop_carry4_CI_CO[3])
                                                      0.114     7.497 r  U1/q_reg[8]_i_1/CO[3]
                         net (fo=1, routed)           0.000     7.497    U1/q_reg[8]_i_1_n_0
    SLICE_X57Y86         CARRY4 (Prop_carry4_CI_O[2])
                                                      0.239     7.736 r  U1/q_reg[12]_i_1/O[2]
                         net (fo=1, routed)           0.000     7.736    U1/q_reg[12]_i_1_n_5
    SLICE_X57Y86         FDCE                                         r  U1/q_reg[14]/D
  -------------------------------------------------------------------    -------------------

                         (clock sys_clk_pin rise edge)
                                                     10.000    10.000 r  
    E3                                                0.000    10.000 r  mclk (IN)
                         net (fo=0)                   0.000    10.000    mclk
    E3                   IBUF (Prop_ibuf_I_O)         1.411    11.411 r  mclk_IBUF_inst/O
                         net (fo=1, routed)           1.920    13.331    mclk_IBUF
    BUFGCTRL_X0Y16       BUFG (Prop_bufg_I_O)         0.091    13.422 r  mclk_IBUF_BUFG_inst/O
                         net (fo=19, routed)          1.500    14.923    U1/mclk
    SLICE_X57Y86         FDCE                                         r  U1/q_reg[14]/C
                         clock pessimism              0.276    15.199    
                         clock uncertainty           -0.035    15.163    
    SLICE_X57Y86         FDCE (Setup_fdce_C_D)        0.062    15.225    U1/q_reg[14]
  -------------------------------------------------------------------
                         required time                         15.225    
                         arrival time                          -7.736    
  -------------------------------------------------------------------
                         slack                                  7.489    

Slack (MET) :             7.505ns  (required time - arrival time)
  Source:                 U1/q_reg[1]/C
                            (rising edge-triggered cell FDCE clocked by sys_clk_pin  {rise@0.000ns fall@5.000ns period=10.000ns})
  Destination:            U1/q_reg[12]/D
                            (rising edge-triggered cell FDCE clocked by sys_clk_pin  {rise@0.000ns fall@5.000ns period=10.000ns})
  Path Group:             sys_clk_pin
  Path Type:              Setup (Max at Slow Process Corner)
  Requirement:            10.000ns  (sys_clk_pin rise@10.000ns - sys_clk_pin rise@0.000ns)
  Data Path Delay:        2.499ns  (logic 1.581ns (63.257%)  route 0.918ns (36.743%))
  Logic Levels:           4  (CARRY4=4)
  Clock Path Skew:        -0.022ns (DCD - SCD + CPR)
    Destination Clock Delay (DCD):    4.923ns = ( 14.923 - 10.000 ) 
    Source Clock Delay      (SCD):    5.221ns
    Clock Pessimism Removal (CPR):    0.276ns
  Clock Uncertainty:      0.035ns  ((TSJ^2 + TIJ^2)^1/2 + DJ) / 2 + PE
    Total System Jitter     (TSJ):    0.071ns
    Total Input Jitter      (TIJ):    0.000ns
    Discrete Jitter          (DJ):    0.000ns
    Phase Error              (PE):    0.000ns

    Location             Delay type                Incr(ns)  Path(ns)    Netlist Resource(s)
  -------------------------------------------------------------------    -------------------
                         (clock sys_clk_pin rise edge)
                                                      0.000     0.000 r  
    E3                                                0.000     0.000 r  mclk (IN)
                         net (fo=0)                   0.000     0.000    mclk
    E3                   IBUF (Prop_ibuf_I_O)         1.482     1.482 r  mclk_IBUF_inst/O
                         net (fo=1, routed)           2.025     3.506    mclk_IBUF
    BUFGCTRL_X0Y16       BUFG (Prop_bufg_I_O)         0.096     3.602 r  mclk_IBUF_BUFG_inst/O
                         net (fo=19, routed)          1.618     5.221    U1/mclk
    SLICE_X57Y83         FDCE                                         r  U1/q_reg[1]/C
  -------------------------------------------------------------------    -------------------
    SLICE_X57Y83         FDCE (Prop_fdce_C_Q)         0.456     5.677 r  U1/q_reg[1]/Q
                         net (fo=24, routed)          0.918     6.595    U1/out[0]
    SLICE_X57Y83         CARRY4 (Prop_carry4_S[1]_CO[3])
                                                      0.674     7.269 r  U1/q_reg[0]_i_1/CO[3]
                         net (fo=1, routed)           0.000     7.269    U1/q_reg[0]_i_1_n_0
    SLICE_X57Y84         CARRY4 (Prop_carry4_CI_CO[3])
                                                      0.114     7.383 r  U1/q_reg[4]_i_1/CO[3]
                         net (fo=1, routed)           0.000     7.383    U1/q_reg[4]_i_1_n_0
    SLICE_X57Y85         CARRY4 (Prop_carry4_CI_CO[3])
                                                      0.114     7.497 r  U1/q_reg[8]_i_1/CO[3]
                         net (fo=1, routed)           0.000     7.497    U1/q_reg[8]_i_1_n_0
    SLICE_X57Y86         CARRY4 (Prop_carry4_CI_O[0])
                                                      0.223     7.720 r  U1/q_reg[12]_i_1/O[0]
                         net (fo=1, routed)           0.000     7.720    U1/q_reg[12]_i_1_n_7
    SLICE_X57Y86         FDCE                                         r  U1/q_reg[12]/D
  -------------------------------------------------------------------    -------------------

                         (clock sys_clk_pin rise edge)
                                                     10.000    10.000 r  
    E3                                                0.000    10.000 r  mclk (IN)
                         net (fo=0)                   0.000    10.000    mclk
    E3                   IBUF (Prop_ibuf_I_O)         1.411    11.411 r  mclk_IBUF_inst/O
                         net (fo=1, routed)           1.920    13.331    mclk_IBUF
    BUFGCTRL_X0Y16       BUFG (Prop_bufg_I_O)         0.091    13.422 r  mclk_IBUF_BUFG_inst/O
                         net (fo=19, routed)          1.500    14.923    U1/mclk
    SLICE_X57Y86         FDCE                                         r  U1/q_reg[12]/C
                         clock pessimism              0.276    15.199    
                         clock uncertainty           -0.035    15.163    
    SLICE_X57Y86         FDCE (Setup_fdce_C_D)        0.062    15.225    U1/q_reg[12]
  -------------------------------------------------------------------
                         required time                         15.225    
                         arrival time                          -7.720    
  -------------------------------------------------------------------
                         slack                                  7.505    

Slack (MET) :             7.508ns  (required time - arrival time)
  Source:                 U1/q_reg[1]/C
                            (rising edge-triggered cell FDCE clocked by sys_clk_pin  {rise@0.000ns fall@5.000ns period=10.000ns})
  Destination:            U1/q_reg[9]/D
                            (rising edge-triggered cell FDCE clocked by sys_clk_pin  {rise@0.000ns fall@5.000ns period=10.000ns})
  Path Group:             sys_clk_pin
  Path Type:              Setup (Max at Slow Process Corner)
  Requirement:            10.000ns  (sys_clk_pin rise@10.000ns - sys_clk_pin rise@0.000ns)
  Data Path Delay:        2.496ns  (logic 1.578ns (63.213%)  route 0.918ns (36.787%))
  Logic Levels:           3  (CARRY4=3)
  Clock Path Skew:        -0.022ns (DCD - SCD + CPR)
    Destination Clock Delay (DCD):    4.923ns = ( 14.923 - 10.000 ) 
    Source Clock Delay      (SCD):    5.221ns
    Clock Pessimism Removal (CPR):    0.276ns
  Clock Uncertainty:      0.035ns  ((TSJ^2 + TIJ^2)^1/2 + DJ) / 2 + PE
    Total System Jitter     (TSJ):    0.071ns
    Total Input Jitter      (TIJ):    0.000ns
    Discrete Jitter          (DJ):    0.000ns
    Phase Error              (PE):    0.000ns

    Location             Delay type                Incr(ns)  Path(ns)    Netlist Resource(s)
  -------------------------------------------------------------------    -------------------
                         (clock sys_clk_pin rise edge)
                                                      0.000     0.000 r  
    E3                                                0.000     0.000 r  mclk (IN)
                         net (fo=0)                   0.000     0.000    mclk
    E3                   IBUF (Prop_ibuf_I_O)         1.482     1.482 r  mclk_IBUF_inst/O
                         net (fo=1, routed)           2.025     3.506    mclk_IBUF
    BUFGCTRL_X0Y16       BUFG (Prop_bufg_I_O)         0.096     3.602 r  mclk_IBUF_BUFG_inst/O
                         net (fo=19, routed)          1.618     5.221    U1/mclk
    SLICE_X57Y83         FDCE                                         r  U1/q_reg[1]/C
  -------------------------------------------------------------------    -------------------
    SLICE_X57Y83         FDCE (Prop_fdce_C_Q)         0.456     5.677 r  U1/q_reg[1]/Q
                         net (fo=24, routed)          0.918     6.595    U1/out[0]
    SLICE_X57Y83         CARRY4 (Prop_carry4_S[1]_CO[3])
                                                      0.674     7.269 r  U1/q_reg[0]_i_1/CO[3]
                         net (fo=1, routed)           0.000     7.269    U1/q_reg[0]_i_1_n_0
    SLICE_X57Y84         CARRY4 (Prop_carry4_CI_CO[3])
                                                      0.114     7.383 r  U1/q_reg[4]_i_1/CO[3]
                         net (fo=1, routed)           0.000     7.383    U1/q_reg[4]_i_1_n_0
    SLICE_X57Y85         CARRY4 (Prop_carry4_CI_O[1])
                                                      0.334     7.717 r  U1/q_reg[8]_i_1/O[1]
                         net (fo=1, routed)           0.000     7.717    U1/q_reg[8]_i_1_n_6
    SLICE_X57Y85         FDCE                                         r  U1/q_reg[9]/D
  -------------------------------------------------------------------    -------------------

                         (clock sys_clk_pin rise edge)
                                                     10.000    10.000 r  
    E3                                                0.000    10.000 r  mclk (IN)
                         net (fo=0)                   0.000    10.000    mclk
    E3                   IBUF (Prop_ibuf_I_O)         1.411    11.411 r  mclk_IBUF_inst/O
                         net (fo=1, routed)           1.920    13.331    mclk_IBUF
    BUFGCTRL_X0Y16       BUFG (Prop_bufg_I_O)         0.091    13.422 r  mclk_IBUF_BUFG_inst/O
                         net (fo=19, routed)          1.500    14.923    U1/mclk
    SLICE_X57Y85         FDCE                                         r  U1/q_reg[9]/C
                         clock pessimism              0.276    15.199    
                         clock uncertainty           -0.035    15.163    
    SLICE_X57Y85         FDCE (Setup_fdce_C_D)        0.062    15.225    U1/q_reg[9]
  -------------------------------------------------------------------
                         required time                         15.225    
                         arrival time                          -7.717    
  -------------------------------------------------------------------
                         slack                                  7.508    

Slack (MET) :             7.529ns  (required time - arrival time)
  Source:                 U1/q_reg[1]/C
                            (rising edge-triggered cell FDCE clocked by sys_clk_pin  {rise@0.000ns fall@5.000ns period=10.000ns})
  Destination:            U1/q_reg[11]/D
                            (rising edge-triggered cell FDCE clocked by sys_clk_pin  {rise@0.000ns fall@5.000ns period=10.000ns})
  Path Group:             sys_clk_pin
  Path Type:              Setup (Max at Slow Process Corner)
  Requirement:            10.000ns  (sys_clk_pin rise@10.000ns - sys_clk_pin rise@0.000ns)
  Data Path Delay:        2.475ns  (logic 1.557ns (62.901%)  route 0.918ns (37.099%))
  Logic Levels:           3  (CARRY4=3)
  Clock Path Skew:        -0.022ns (DCD - SCD + CPR)
    Destination Clock Delay (DCD):    4.923ns = ( 14.923 - 10.000 ) 
    Source Clock Delay      (SCD):    5.221ns
    Clock Pessimism Removal (CPR):    0.276ns
  Clock Uncertainty:      0.035ns  ((TSJ^2 + TIJ^2)^1/2 + DJ) / 2 + PE
    Total System Jitter     (TSJ):    0.071ns
    Total Input Jitter      (TIJ):    0.000ns
    Discrete Jitter          (DJ):    0.000ns
    Phase Error              (PE):    0.000ns

    Location             Delay type                Incr(ns)  Path(ns)    Netlist Resource(s)
  -------------------------------------------------------------------    -------------------
                         (clock sys_clk_pin rise edge)
                                                      0.000     0.000 r  
    E3                                                0.000     0.000 r  mclk (IN)
                         net (fo=0)                   0.000     0.000    mclk
    E3                   IBUF (Prop_ibuf_I_O)         1.482     1.482 r  mclk_IBUF_inst/O
                         net (fo=1, routed)           2.025     3.506    mclk_IBUF
    BUFGCTRL_X0Y16       BUFG (Prop_bufg_I_O)         0.096     3.602 r  mclk_IBUF_BUFG_inst/O
                         net (fo=19, routed)          1.618     5.221    U1/mclk
    SLICE_X57Y83         FDCE                                         r  U1/q_reg[1]/C
  -------------------------------------------------------------------    -------------------
    SLICE_X57Y83         FDCE (Prop_fdce_C_Q)         0.456     5.677 r  U1/q_reg[1]/Q
                         net (fo=24, routed)          0.918     6.595    U1/out[0]
    SLICE_X57Y83         CARRY4 (Prop_carry4_S[1]_CO[3])
                                                      0.674     7.269 r  U1/q_reg[0]_i_1/CO[3]
                         net (fo=1, routed)           0.000     7.269    U1/q_reg[0]_i_1_n_0
    SLICE_X57Y84         CARRY4 (Prop_carry4_CI_CO[3])
                                                      0.114     7.383 r  U1/q_reg[4]_i_1/CO[3]
                         net (fo=1, routed)           0.000     7.383    U1/q_reg[4]_i_1_n_0
    SLICE_X57Y85         CARRY4 (Prop_carry4_CI_O[3])
                                                      0.313     7.696 r  U1/q_reg[8]_i_1/O[3]
                         net (fo=1, routed)           0.000     7.696    U1/q_reg[8]_i_1_n_4
    SLICE_X57Y85         FDCE                                         r  U1/q_reg[11]/D
  -------------------------------------------------------------------    -------------------

                         (clock sys_clk_pin rise edge)
                                                     10.000    10.000 r  
    E3                                                0.000    10.000 r  mclk (IN)
                         net (fo=0)                   0.000    10.000    mclk
    E3                   IBUF (Prop_ibuf_I_O)         1.411    11.411 r  mclk_IBUF_inst/O
                         net (fo=1, routed)           1.920    13.331    mclk_IBUF
    BUFGCTRL_X0Y16       BUFG (Prop_bufg_I_O)         0.091    13.422 r  mclk_IBUF_BUFG_inst/O
                         net (fo=19, routed)          1.500    14.923    U1/mclk
    SLICE_X57Y85         FDCE                                         r  U1/q_reg[11]/C
                         clock pessimism              0.276    15.199    
                         clock uncertainty           -0.035    15.163    
    SLICE_X57Y85         FDCE (Setup_fdce_C_D)        0.062    15.225    U1/q_reg[11]
  -------------------------------------------------------------------
                         required time                         15.225    
                         arrival time                          -7.696    
  -------------------------------------------------------------------
                         slack                                  7.529    

Slack (MET) :             7.603ns  (required time - arrival time)
  Source:                 U1/q_reg[1]/C
                            (rising edge-triggered cell FDCE clocked by sys_clk_pin  {rise@0.000ns fall@5.000ns period=10.000ns})
  Destination:            U1/q_reg[10]/D
                            (rising edge-triggered cell FDCE clocked by sys_clk_pin  {rise@0.000ns fall@5.000ns period=10.000ns})
  Path Group:             sys_clk_pin
  Path Type:              Setup (Max at Slow Process Corner)
  Requirement:            10.000ns  (sys_clk_pin rise@10.000ns - sys_clk_pin rise@0.000ns)
  Data Path Delay:        2.401ns  (logic 1.483ns (61.757%)  route 0.918ns (38.243%))
  Logic Levels:           3  (CARRY4=3)
  Clock Path Skew:        -0.022ns (DCD - SCD + CPR)
    Destination Clock Delay (DCD):    4.923ns = ( 14.923 - 10.000 ) 
    Source Clock Delay      (SCD):    5.221ns
    Clock Pessimism Removal (CPR):    0.276ns
  Clock Uncertainty:      0.035ns  ((TSJ^2 + TIJ^2)^1/2 + DJ) / 2 + PE
    Total System Jitter     (TSJ):    0.071ns
    Total Input Jitter      (TIJ):    0.000ns
    Discrete Jitter          (DJ):    0.000ns
    Phase Error              (PE):    0.000ns

    Location             Delay type                Incr(ns)  Path(ns)    Netlist Resource(s)
  -------------------------------------------------------------------    -------------------
                         (clock sys_clk_pin rise edge)
                                                      0.000     0.000 r  
    E3                                                0.000     0.000 r  mclk (IN)
                         net (fo=0)                   0.000     0.000    mclk
    E3                   IBUF (Prop_ibuf_I_O)         1.482     1.482 r  mclk_IBUF_inst/O
                         net (fo=1, routed)           2.025     3.506    mclk_IBUF
    BUFGCTRL_X0Y16       BUFG (Prop_bufg_I_O)         0.096     3.602 r  mclk_IBUF_BUFG_inst/O
                         net (fo=19, routed)          1.618     5.221    U1/mclk
    SLICE_X57Y83         FDCE                                         r  U1/q_reg[1]/C
  -------------------------------------------------------------------    -------------------
    SLICE_X57Y83         FDCE (Prop_fdce_C_Q)         0.456     5.677 r  U1/q_reg[1]/Q
                         net (fo=24, routed)          0.918     6.595    U1/out[0]
    SLICE_X57Y83         CARRY4 (Prop_carry4_S[1]_CO[3])
                                                      0.674     7.269 r  U1/q_reg[0]_i_1/CO[3]
                         net (fo=1, routed)           0.000     7.269    U1/q_reg[0]_i_1_n_0
    SLICE_X57Y84         CARRY4 (Prop_carry4_CI_CO[3])
                                                      0.114     7.383 r  U1/q_reg[4]_i_1/CO[3]
                         net (fo=1, routed)           0.000     7.383    U1/q_reg[4]_i_1_n_0
    SLICE_X57Y85         CARRY4 (Prop_carry4_CI_O[2])
                                                      0.239     7.622 r  U1/q_reg[8]_i_1/O[2]
                         net (fo=1, routed)           0.000     7.622    U1/q_reg[8]_i_1_n_5
    SLICE_X57Y85         FDCE                                         r  U1/q_reg[10]/D
  -------------------------------------------------------------------    -------------------

                         (clock sys_clk_pin rise edge)
                                                     10.000    10.000 r  
    E3                                                0.000    10.000 r  mclk (IN)
                         net (fo=0)                   0.000    10.000    mclk
    E3                   IBUF (Prop_ibuf_I_O)         1.411    11.411 r  mclk_IBUF_inst/O
                         net (fo=1, routed)           1.920    13.331    mclk_IBUF
    BUFGCTRL_X0Y16       BUFG (Prop_bufg_I_O)         0.091    13.422 r  mclk_IBUF_BUFG_inst/O
                         net (fo=19, routed)          1.500    14.923    U1/mclk
    SLICE_X57Y85         FDCE                                         r  U1/q_reg[10]/C
                         clock pessimism              0.276    15.199    
                         clock uncertainty           -0.035    15.163    
    SLICE_X57Y85         FDCE (Setup_fdce_C_D)        0.062    15.225    U1/q_reg[10]
  -------------------------------------------------------------------
                         required time                         15.225    
                         arrival time                          -7.622    
  -------------------------------------------------------------------
                         slack                                  7.603    





Min Delay Paths
--------------------------------------------------------------------------------------
Slack (MET) :             0.252ns  (arrival time - required time)
  Source:                 U1/q_reg[11]/C
                            (rising edge-triggered cell FDCE clocked by sys_clk_pin  {rise@0.000ns fall@5.000ns period=10.000ns})
  Destination:            U1/q_reg[11]/D
                            (rising edge-triggered cell FDCE clocked by sys_clk_pin  {rise@0.000ns fall@5.000ns period=10.000ns})
  Path Group:             sys_clk_pin
  Path Type:              Hold (Min at Fast Process Corner)
  Requirement:            0.000ns  (sys_clk_pin rise@0.000ns - sys_clk_pin rise@0.000ns)
  Data Path Delay:        0.357ns  (logic 0.249ns (69.714%)  route 0.108ns (30.286%))
  Logic Levels:           1  (CARRY4=1)
  Clock Path Skew:        0.000ns (DCD - SCD - CPR)
    Destination Clock Delay (DCD):    1.995ns
    Source Clock Delay      (SCD):    1.480ns
    Clock Pessimism Removal (CPR):    0.514ns

    Location             Delay type                Incr(ns)  Path(ns)    Netlist Resource(s)
  -------------------------------------------------------------------    -------------------
                         (clock sys_clk_pin rise edge)
                                                      0.000     0.000 r  
    E3                                                0.000     0.000 r  mclk (IN)
                         net (fo=0)                   0.000     0.000    mclk
    E3                   IBUF (Prop_ibuf_I_O)         0.250     0.250 r  mclk_IBUF_inst/O
                         net (fo=1, routed)           0.644     0.894    mclk_IBUF
    BUFGCTRL_X0Y16       BUFG (Prop_bufg_I_O)         0.026     0.920 r  mclk_IBUF_BUFG_inst/O
                         net (fo=19, routed)          0.561     1.480    U1/mclk
    SLICE_X57Y85         FDCE                                         r  U1/q_reg[11]/C
  -------------------------------------------------------------------    -------------------
    SLICE_X57Y85         FDCE (Prop_fdce_C_Q)         0.141     1.621 r  U1/q_reg[11]/Q
                         net (fo=1, routed)           0.108     1.730    U1/q_reg_n_0_[11]
    SLICE_X57Y85         CARRY4 (Prop_carry4_S[3]_O[3])
                                                      0.108     1.838 r  U1/q_reg[8]_i_1/O[3]
                         net (fo=1, routed)           0.000     1.838    U1/q_reg[8]_i_1_n_4
    SLICE_X57Y85         FDCE                                         r  U1/q_reg[11]/D
  -------------------------------------------------------------------    -------------------

                         (clock sys_clk_pin rise edge)
                                                      0.000     0.000 r  
    E3                                                0.000     0.000 r  mclk (IN)
                         net (fo=0)                   0.000     0.000    mclk
    E3                   IBUF (Prop_ibuf_I_O)         0.438     0.438 r  mclk_IBUF_inst/O
                         net (fo=1, routed)           0.699     1.136    mclk_IBUF
    BUFGCTRL_X0Y16       BUFG (Prop_bufg_I_O)         0.029     1.165 r  mclk_IBUF_BUFG_inst/O
                         net (fo=19, routed)          0.830     1.995    U1/mclk
    SLICE_X57Y85         FDCE                                         r  U1/q_reg[11]/C
                         clock pessimism             -0.514     1.480    
    SLICE_X57Y85         FDCE (Hold_fdce_C_D)         0.105     1.585    U1/q_reg[11]
  -------------------------------------------------------------------
                         required time                         -1.585    
                         arrival time                           1.838    
  -------------------------------------------------------------------
                         slack                                  0.252    

Slack (MET) :             0.252ns  (arrival time - required time)
  Source:                 U1/q_reg[15]/C
                            (rising edge-triggered cell FDCE clocked by sys_clk_pin  {rise@0.000ns fall@5.000ns period=10.000ns})
  Destination:            U1/q_reg[15]/D
                            (rising edge-triggered cell FDCE clocked by sys_clk_pin  {rise@0.000ns fall@5.000ns period=10.000ns})
  Path Group:             sys_clk_pin
  Path Type:              Hold (Min at Fast Process Corner)
  Requirement:            0.000ns  (sys_clk_pin rise@0.000ns - sys_clk_pin rise@0.000ns)
  Data Path Delay:        0.357ns  (logic 0.249ns (69.714%)  route 0.108ns (30.286%))
  Logic Levels:           1  (CARRY4=1)
  Clock Path Skew:        0.000ns (DCD - SCD - CPR)
    Destination Clock Delay (DCD):    1.995ns
    Source Clock Delay      (SCD):    1.480ns
    Clock Pessimism Removal (CPR):    0.514ns

    Location             Delay type                Incr(ns)  Path(ns)    Netlist Resource(s)
  -------------------------------------------------------------------    -------------------
                         (clock sys_clk_pin rise edge)
                                                      0.000     0.000 r  
    E3                                                0.000     0.000 r  mclk (IN)
                         net (fo=0)                   0.000     0.000    mclk
    E3                   IBUF (Prop_ibuf_I_O)         0.250     0.250 r  mclk_IBUF_inst/O
                         net (fo=1, routed)           0.644     0.894    mclk_IBUF
    BUFGCTRL_X0Y16       BUFG (Prop_bufg_I_O)         0.026     0.920 r  mclk_IBUF_BUFG_inst/O
                         net (fo=19, routed)          0.561     1.480    U1/mclk
    SLICE_X57Y86         FDCE                                         r  U1/q_reg[15]/C
  -------------------------------------------------------------------    -------------------
    SLICE_X57Y86         FDCE (Prop_fdce_C_Q)         0.141     1.621 r  U1/q_reg[15]/Q
                         net (fo=1, routed)           0.108     1.730    U1/q_reg_n_0_[15]
    SLICE_X57Y86         CARRY4 (Prop_carry4_S[3]_O[3])
                                                      0.108     1.838 r  U1/q_reg[12]_i_1/O[3]
                         net (fo=1, routed)           0.000     1.838    U1/q_reg[12]_i_1_n_4
    SLICE_X57Y86         FDCE                                         r  U1/q_reg[15]/D
  -------------------------------------------------------------------    -------------------

                         (clock sys_clk_pin rise edge)
                                                      0.000     0.000 r  
    E3                                                0.000     0.000 r  mclk (IN)
                         net (fo=0)                   0.000     0.000    mclk
    E3                   IBUF (Prop_ibuf_I_O)         0.438     0.438 r  mclk_IBUF_inst/O
                         net (fo=1, routed)           0.699     1.136    mclk_IBUF
    BUFGCTRL_X0Y16       BUFG (Prop_bufg_I_O)         0.029     1.165 r  mclk_IBUF_BUFG_inst/O
                         net (fo=19, routed)          0.830     1.995    U1/mclk
    SLICE_X57Y86         FDCE                                         r  U1/q_reg[15]/C
                         clock pessimism             -0.514     1.480    
    SLICE_X57Y86         FDCE (Hold_fdce_C_D)         0.105     1.585    U1/q_reg[15]
  -------------------------------------------------------------------
                         required time                         -1.585    
                         arrival time                           1.838    
  -------------------------------------------------------------------
                         slack                                  0.252    

Slack (MET) :             0.252ns  (arrival time - required time)
  Source:                 U1/q_reg[7]/C
                            (rising edge-triggered cell FDCE clocked by sys_clk_pin  {rise@0.000ns fall@5.000ns period=10.000ns})
  Destination:            U1/q_reg[7]/D
                            (rising edge-triggered cell FDCE clocked by sys_clk_pin  {rise@0.000ns fall@5.000ns period=10.000ns})
  Path Group:             sys_clk_pin
  Path Type:              Hold (Min at Fast Process Corner)
  Requirement:            0.000ns  (sys_clk_pin rise@0.000ns - sys_clk_pin rise@0.000ns)
  Data Path Delay:        0.357ns  (logic 0.249ns (69.714%)  route 0.108ns (30.286%))
  Logic Levels:           1  (CARRY4=1)
  Clock Path Skew:        0.000ns (DCD - SCD - CPR)
    Destination Clock Delay (DCD):    1.994ns
    Source Clock Delay      (SCD):    1.480ns
    Clock Pessimism Removal (CPR):    0.513ns

    Location             Delay type                Incr(ns)  Path(ns)    Netlist Resource(s)
  -------------------------------------------------------------------    -------------------
                         (clock sys_clk_pin rise edge)
                                                      0.000     0.000 r  
    E3                                                0.000     0.000 r  mclk (IN)
                         net (fo=0)                   0.000     0.000    mclk
    E3                   IBUF (Prop_ibuf_I_O)         0.250     0.250 r  mclk_IBUF_inst/O
                         net (fo=1, routed)           0.644     0.894    mclk_IBUF
    BUFGCTRL_X0Y16       BUFG (Prop_bufg_I_O)         0.026     0.920 r  mclk_IBUF_BUFG_inst/O
                         net (fo=19, routed)          0.561     1.480    U1/mclk
    SLICE_X57Y84         FDCE                                         r  U1/q_reg[7]/C
  -------------------------------------------------------------------    -------------------
    SLICE_X57Y84         FDCE (Prop_fdce_C_Q)         0.141     1.621 r  U1/q_reg[7]/Q
                         net (fo=1, routed)           0.108     1.730    U1/q_reg_n_0_[7]
    SLICE_X57Y84         CARRY4 (Prop_carry4_S[3]_O[3])
                                                      0.108     1.838 r  U1/q_reg[4]_i_1/O[3]
                         net (fo=1, routed)           0.000     1.838    U1/q_reg[4]_i_1_n_4
    SLICE_X57Y84         FDCE                                         r  U1/q_reg[7]/D
  -------------------------------------------------------------------    -------------------

                         (clock sys_clk_pin rise edge)
                                                      0.000     0.000 r  
    E3                                                0.000     0.000 r  mclk (IN)
                         net (fo=0)                   0.000     0.000    mclk
    E3                   IBUF (Prop_ibuf_I_O)         0.438     0.438 r  mclk_IBUF_inst/O
                         net (fo=1, routed)           0.699     1.136    mclk_IBUF
    BUFGCTRL_X0Y16       BUFG (Prop_bufg_I_O)         0.029     1.165 r  mclk_IBUF_BUFG_inst/O
                         net (fo=19, routed)          0.829     1.994    U1/mclk
    SLICE_X57Y84         FDCE                                         r  U1/q_reg[7]/C
                         clock pessimism             -0.513     1.480    
    SLICE_X57Y84         FDCE (Hold_fdce_C_D)         0.105     1.585    U1/q_reg[7]
  -------------------------------------------------------------------
                         required time                         -1.585    
                         arrival time                           1.838    
  -------------------------------------------------------------------
                         slack                                  0.252    

Slack (MET) :             0.252ns  (arrival time - required time)
  Source:                 U1/q_reg[3]/C
                            (rising edge-triggered cell FDCE clocked by sys_clk_pin  {rise@0.000ns fall@5.000ns period=10.000ns})
  Destination:            U1/q_reg[3]/D
                            (rising edge-triggered cell FDCE clocked by sys_clk_pin  {rise@0.000ns fall@5.000ns period=10.000ns})
  Path Group:             sys_clk_pin
  Path Type:              Hold (Min at Fast Process Corner)
  Requirement:            0.000ns  (sys_clk_pin rise@0.000ns - sys_clk_pin rise@0.000ns)
  Data Path Delay:        0.357ns  (logic 0.249ns (69.714%)  route 0.108ns (30.286%))
  Logic Levels:           1  (CARRY4=1)
  Clock Path Skew:        0.000ns (DCD - SCD - CPR)
    Destination Clock Delay (DCD):    1.993ns
    Source Clock Delay      (SCD):    1.479ns
    Clock Pessimism Removal (CPR):    0.513ns

    Location             Delay type                Incr(ns)  Path(ns)    Netlist Resource(s)
  -------------------------------------------------------------------    -------------------
                         (clock sys_clk_pin rise edge)
                                                      0.000     0.000 r  
    E3                                                0.000     0.000 r  mclk (IN)
                         net (fo=0)                   0.000     0.000    mclk
    E3                   IBUF (Prop_ibuf_I_O)         0.250     0.250 r  mclk_IBUF_inst/O
                         net (fo=1, routed)           0.644     0.894    mclk_IBUF
    BUFGCTRL_X0Y16       BUFG (Prop_bufg_I_O)         0.026     0.920 r  mclk_IBUF_BUFG_inst/O
                         net (fo=19, routed)          0.560     1.479    U1/mclk
    SLICE_X57Y83         FDCE                                         r  U1/q_reg[3]/C
  -------------------------------------------------------------------    -------------------
    SLICE_X57Y83         FDCE (Prop_fdce_C_Q)         0.141     1.620 r  U1/q_reg[3]/Q
                         net (fo=1, routed)           0.108     1.729    U1/q_reg_n_0_[3]
    SLICE_X57Y83         CARRY4 (Prop_carry4_S[3]_O[3])
                                                      0.108     1.837 r  U1/q_reg[0]_i_1/O[3]
                         net (fo=1, routed)           0.000     1.837    U1/q_reg[0]_i_1_n_4
    SLICE_X57Y83         FDCE                                         r  U1/q_reg[3]/D
  -------------------------------------------------------------------    -------------------

                         (clock sys_clk_pin rise edge)
                                                      0.000     0.000 r  
    E3                                                0.000     0.000 r  mclk (IN)
                         net (fo=0)                   0.000     0.000    mclk
    E3                   IBUF (Prop_ibuf_I_O)         0.438     0.438 r  mclk_IBUF_inst/O
                         net (fo=1, routed)           0.699     1.136    mclk_IBUF
    BUFGCTRL_X0Y16       BUFG (Prop_bufg_I_O)         0.029     1.165 r  mclk_IBUF_BUFG_inst/O
                         net (fo=19, routed)          0.828     1.993    U1/mclk
    SLICE_X57Y83         FDCE                                         r  U1/q_reg[3]/C
                         clock pessimism             -0.513     1.479    
    SLICE_X57Y83         FDCE (Hold_fdce_C_D)         0.105     1.584    U1/q_reg[3]
  -------------------------------------------------------------------
                         required time                         -1.584    
                         arrival time                           1.837    
  -------------------------------------------------------------------
                         slack                                  0.252    

Slack (MET) :             0.256ns  (arrival time - required time)
  Source:                 U1/q_reg[12]/C
                            (rising edge-triggered cell FDCE clocked by sys_clk_pin  {rise@0.000ns fall@5.000ns period=10.000ns})
  Destination:            U1/q_reg[12]/D
                            (rising edge-triggered cell FDCE clocked by sys_clk_pin  {rise@0.000ns fall@5.000ns period=10.000ns})
  Path Group:             sys_clk_pin
  Path Type:              Hold (Min at Fast Process Corner)
  Requirement:            0.000ns  (sys_clk_pin rise@0.000ns - sys_clk_pin rise@0.000ns)
  Data Path Delay:        0.361ns  (logic 0.256ns (70.880%)  route 0.105ns (29.120%))
  Logic Levels:           1  (CARRY4=1)
  Clock Path Skew:        0.000ns (DCD - SCD - CPR)
    Destination Clock Delay (DCD):    1.995ns
    Source Clock Delay      (SCD):    1.480ns
    Clock Pessimism Removal (CPR):    0.514ns

    Location             Delay type                Incr(ns)  Path(ns)    Netlist Resource(s)
  -------------------------------------------------------------------    -------------------
                         (clock sys_clk_pin rise edge)
                                                      0.000     0.000 r  
    E3                                                0.000     0.000 r  mclk (IN)
                         net (fo=0)                   0.000     0.000    mclk
    E3                   IBUF (Prop_ibuf_I_O)         0.250     0.250 r  mclk_IBUF_inst/O
                         net (fo=1, routed)           0.644     0.894    mclk_IBUF
    BUFGCTRL_X0Y16       BUFG (Prop_bufg_I_O)         0.026     0.920 r  mclk_IBUF_BUFG_inst/O
                         net (fo=19, routed)          0.561     1.480    U1/mclk
    SLICE_X57Y86         FDCE                                         r  U1/q_reg[12]/C
  -------------------------------------------------------------------    -------------------
    SLICE_X57Y86         FDCE (Prop_fdce_C_Q)         0.141     1.621 r  U1/q_reg[12]/Q
                         net (fo=1, routed)           0.105     1.727    U1/q_reg_n_0_[12]
    SLICE_X57Y86         CARRY4 (Prop_carry4_S[0]_O[0])
                                                      0.115     1.842 r  U1/q_reg[12]_i_1/O[0]
                         net (fo=1, routed)           0.000     1.842    U1/q_reg[12]_i_1_n_7
    SLICE_X57Y86         FDCE                                         r  U1/q_reg[12]/D
  -------------------------------------------------------------------    -------------------

                         (clock sys_clk_pin rise edge)
                                                      0.000     0.000 r  
    E3                                                0.000     0.000 r  mclk (IN)
                         net (fo=0)                   0.000     0.000    mclk
    E3                   IBUF (Prop_ibuf_I_O)         0.438     0.438 r  mclk_IBUF_inst/O
                         net (fo=1, routed)           0.699     1.136    mclk_IBUF
    BUFGCTRL_X0Y16       BUFG (Prop_bufg_I_O)         0.029     1.165 r  mclk_IBUF_BUFG_inst/O
                         net (fo=19, routed)          0.830     1.995    U1/mclk
    SLICE_X57Y86         FDCE                                         r  U1/q_reg[12]/C
                         clock pessimism             -0.514     1.480    
    SLICE_X57Y86         FDCE (Hold_fdce_C_D)         0.105     1.585    U1/q_reg[12]
  -------------------------------------------------------------------
                         required time                         -1.585    
                         arrival time                           1.842    
  -------------------------------------------------------------------
                         slack                                  0.256    

Slack (MET) :             0.256ns  (arrival time - required time)
  Source:                 U1/q_reg[8]/C
                            (rising edge-triggered cell FDCE clocked by sys_clk_pin  {rise@0.000ns fall@5.000ns period=10.000ns})
  Destination:            U1/q_reg[8]/D
                            (rising edge-triggered cell FDCE clocked by sys_clk_pin  {rise@0.000ns fall@5.000ns period=10.000ns})
  Path Group:             sys_clk_pin
  Path Type:              Hold (Min at Fast Process Corner)
  Requirement:            0.000ns  (sys_clk_pin rise@0.000ns - sys_clk_pin rise@0.000ns)
  Data Path Delay:        0.361ns  (logic 0.256ns (70.880%)  route 0.105ns (29.120%))
  Logic Levels:           1  (CARRY4=1)
  Clock Path Skew:        0.000ns (DCD - SCD - CPR)
    Destination Clock Delay (DCD):    1.995ns
    Source Clock Delay      (SCD):    1.480ns
    Clock Pessimism Removal (CPR):    0.514ns

    Location             Delay type                Incr(ns)  Path(ns)    Netlist Resource(s)
  -------------------------------------------------------------------    -------------------
                         (clock sys_clk_pin rise edge)
                                                      0.000     0.000 r  
    E3                                                0.000     0.000 r  mclk (IN)
                         net (fo=0)                   0.000     0.000    mclk
    E3                   IBUF (Prop_ibuf_I_O)         0.250     0.250 r  mclk_IBUF_inst/O
                         net (fo=1, routed)           0.644     0.894    mclk_IBUF
    BUFGCTRL_X0Y16       BUFG (Prop_bufg_I_O)         0.026     0.920 r  mclk_IBUF_BUFG_inst/O
                         net (fo=19, routed)          0.561     1.480    U1/mclk
    SLICE_X57Y85         FDCE                                         r  U1/q_reg[8]/C
  -------------------------------------------------------------------    -------------------
    SLICE_X57Y85         FDCE (Prop_fdce_C_Q)         0.141     1.621 r  U1/q_reg[8]/Q
                         net (fo=1, routed)           0.105     1.727    U1/q_reg_n_0_[8]
    SLICE_X57Y85         CARRY4 (Prop_carry4_S[0]_O[0])
                                                      0.115     1.842 r  U1/q_reg[8]_i_1/O[0]
                         net (fo=1, routed)           0.000     1.842    U1/q_reg[8]_i_1_n_7
    SLICE_X57Y85         FDCE                                         r  U1/q_reg[8]/D
  -------------------------------------------------------------------    -------------------

                         (clock sys_clk_pin rise edge)
                                                      0.000     0.000 r  
    E3                                                0.000     0.000 r  mclk (IN)
                         net (fo=0)                   0.000     0.000    mclk
    E3                   IBUF (Prop_ibuf_I_O)         0.438     0.438 r  mclk_IBUF_inst/O
                         net (fo=1, routed)           0.699     1.136    mclk_IBUF
    BUFGCTRL_X0Y16       BUFG (Prop_bufg_I_O)         0.029     1.165 r  mclk_IBUF_BUFG_inst/O
                         net (fo=19, routed)          0.830     1.995    U1/mclk
    SLICE_X57Y85         FDCE                                         r  U1/q_reg[8]/C
                         clock pessimism             -0.514     1.480    
    SLICE_X57Y85         FDCE (Hold_fdce_C_D)         0.105     1.585    U1/q_reg[8]
  -------------------------------------------------------------------
                         required time                         -1.585    
                         arrival time                           1.842    
  -------------------------------------------------------------------
                         slack                                  0.256    

Slack (MET) :             0.256ns  (arrival time - required time)
  Source:                 U1/q_reg[16]/C
                            (rising edge-triggered cell FDCE clocked by sys_clk_pin  {rise@0.000ns fall@5.000ns period=10.000ns})
  Destination:            U1/q_reg[16]/D
                            (rising edge-triggered cell FDCE clocked by sys_clk_pin  {rise@0.000ns fall@5.000ns period=10.000ns})
  Path Group:             sys_clk_pin
  Path Type:              Hold (Min at Fast Process Corner)
  Requirement:            0.000ns  (sys_clk_pin rise@0.000ns - sys_clk_pin rise@0.000ns)
  Data Path Delay:        0.361ns  (logic 0.256ns (70.880%)  route 0.105ns (29.120%))
  Logic Levels:           1  (CARRY4=1)
  Clock Path Skew:        0.000ns (DCD - SCD - CPR)
    Destination Clock Delay (DCD):    1.996ns
    Source Clock Delay      (SCD):    1.481ns
    Clock Pessimism Removal (CPR):    0.514ns

    Location             Delay type                Incr(ns)  Path(ns)    Netlist Resource(s)
  -------------------------------------------------------------------    -------------------
                         (clock sys_clk_pin rise edge)
                                                      0.000     0.000 r  
    E3                                                0.000     0.000 r  mclk (IN)
                         net (fo=0)                   0.000     0.000    mclk
    E3                   IBUF (Prop_ibuf_I_O)         0.250     0.250 r  mclk_IBUF_inst/O
                         net (fo=1, routed)           0.644     0.894    mclk_IBUF
    BUFGCTRL_X0Y16       BUFG (Prop_bufg_I_O)         0.026     0.920 r  mclk_IBUF_BUFG_inst/O
                         net (fo=19, routed)          0.562     1.481    U1/mclk
    SLICE_X57Y87         FDCE                                         r  U1/q_reg[16]/C
  -------------------------------------------------------------------    -------------------
    SLICE_X57Y87         FDCE (Prop_fdce_C_Q)         0.141     1.622 r  U1/q_reg[16]/Q
                         net (fo=1, routed)           0.105     1.728    U1/q_reg_n_0_[16]
    SLICE_X57Y87         CARRY4 (Prop_carry4_S[0]_O[0])
                                                      0.115     1.843 r  U1/q_reg[16]_i_1/O[0]
                         net (fo=1, routed)           0.000     1.843    U1/q_reg[16]_i_1_n_7
    SLICE_X57Y87         FDCE                                         r  U1/q_reg[16]/D
  -------------------------------------------------------------------    -------------------

                         (clock sys_clk_pin rise edge)
                                                      0.000     0.000 r  
    E3                                                0.000     0.000 r  mclk (IN)
                         net (fo=0)                   0.000     0.000    mclk
    E3                   IBUF (Prop_ibuf_I_O)         0.438     0.438 r  mclk_IBUF_inst/O
                         net (fo=1, routed)           0.699     1.136    mclk_IBUF
    BUFGCTRL_X0Y16       BUFG (Prop_bufg_I_O)         0.029     1.165 r  mclk_IBUF_BUFG_inst/O
                         net (fo=19, routed)          0.831     1.996    U1/mclk
    SLICE_X57Y87         FDCE                                         r  U1/q_reg[16]/C
                         clock pessimism             -0.514     1.481    
    SLICE_X57Y87         FDCE (Hold_fdce_C_D)         0.105     1.586    U1/q_reg[16]
  -------------------------------------------------------------------
                         required time                         -1.586    
                         arrival time                           1.843    
  -------------------------------------------------------------------
                         slack                                  0.256    

Slack (MET) :             0.256ns  (arrival time - required time)
  Source:                 U1/q_reg[4]/C
                            (rising edge-triggered cell FDCE clocked by sys_clk_pin  {rise@0.000ns fall@5.000ns period=10.000ns})
  Destination:            U1/q_reg[4]/D
                            (rising edge-triggered cell FDCE clocked by sys_clk_pin  {rise@0.000ns fall@5.000ns period=10.000ns})
  Path Group:             sys_clk_pin
  Path Type:              Hold (Min at Fast Process Corner)
  Requirement:            0.000ns  (sys_clk_pin rise@0.000ns - sys_clk_pin rise@0.000ns)
  Data Path Delay:        0.361ns  (logic 0.256ns (70.880%)  route 0.105ns (29.120%))
  Logic Levels:           1  (CARRY4=1)
  Clock Path Skew:        0.000ns (DCD - SCD - CPR)
    Destination Clock Delay (DCD):    1.994ns
    Source Clock Delay      (SCD):    1.480ns
    Clock Pessimism Removal (CPR):    0.513ns

    Location             Delay type                Incr(ns)  Path(ns)    Netlist Resource(s)
  -------------------------------------------------------------------    -------------------
                         (clock sys_clk_pin rise edge)
                                                      0.000     0.000 r  
    E3                                                0.000     0.000 r  mclk (IN)
                         net (fo=0)                   0.000     0.000    mclk
    E3                   IBUF (Prop_ibuf_I_O)         0.250     0.250 r  mclk_IBUF_inst/O
                         net (fo=1, routed)           0.644     0.894    mclk_IBUF
    BUFGCTRL_X0Y16       BUFG (Prop_bufg_I_O)         0.026     0.920 r  mclk_IBUF_BUFG_inst/O
                         net (fo=19, routed)          0.561     1.480    U1/mclk
    SLICE_X57Y84         FDCE                                         r  U1/q_reg[4]/C
  -------------------------------------------------------------------    -------------------
    SLICE_X57Y84         FDCE (Prop_fdce_C_Q)         0.141     1.621 r  U1/q_reg[4]/Q
                         net (fo=1, routed)           0.105     1.727    U1/q_reg_n_0_[4]
    SLICE_X57Y84         CARRY4 (Prop_carry4_S[0]_O[0])
                                                      0.115     1.842 r  U1/q_reg[4]_i_1/O[0]
                         net (fo=1, routed)           0.000     1.842    U1/q_reg[4]_i_1_n_7
    SLICE_X57Y84         FDCE                                         r  U1/q_reg[4]/D
  -------------------------------------------------------------------    -------------------

                         (clock sys_clk_pin rise edge)
                                                      0.000     0.000 r  
    E3                                                0.000     0.000 r  mclk (IN)
                         net (fo=0)                   0.000     0.000    mclk
    E3                   IBUF (Prop_ibuf_I_O)         0.438     0.438 r  mclk_IBUF_inst/O
                         net (fo=1, routed)           0.699     1.136    mclk_IBUF
    BUFGCTRL_X0Y16       BUFG (Prop_bufg_I_O)         0.029     1.165 r  mclk_IBUF_BUFG_inst/O
                         net (fo=19, routed)          0.829     1.994    U1/mclk
    SLICE_X57Y84         FDCE                                         r  U1/q_reg[4]/C
                         clock pessimism             -0.513     1.480    
    SLICE_X57Y84         FDCE (Hold_fdce_C_D)         0.105     1.585    U1/q_reg[4]
  -------------------------------------------------------------------
                         required time                         -1.585    
                         arrival time                           1.842    
  -------------------------------------------------------------------
                         slack                                  0.256    

Slack (MET) :             0.256ns  (arrival time - required time)
  Source:                 U1/q_reg[10]/C
                            (rising edge-triggered cell FDCE clocked by sys_clk_pin  {rise@0.000ns fall@5.000ns period=10.000ns})
  Destination:            U1/q_reg[10]/D
                            (rising edge-triggered cell FDCE clocked by sys_clk_pin  {rise@0.000ns fall@5.000ns period=10.000ns})
  Path Group:             sys_clk_pin
  Path Type:              Hold (Min at Fast Process Corner)
  Requirement:            0.000ns  (sys_clk_pin rise@0.000ns - sys_clk_pin rise@0.000ns)
  Data Path Delay:        0.361ns  (logic 0.252ns (69.733%)  route 0.109ns (30.267%))
  Logic Levels:           1  (CARRY4=1)
  Clock Path Skew:        0.000ns (DCD - SCD - CPR)
    Destination Clock Delay (DCD):    1.995ns
    Source Clock Delay      (SCD):    1.480ns
    Clock Pessimism Removal (CPR):    0.514ns

    Location             Delay type                Incr(ns)  Path(ns)    Netlist Resource(s)
  -------------------------------------------------------------------    -------------------
                         (clock sys_clk_pin rise edge)
                                                      0.000     0.000 r  
    E3                                                0.000     0.000 r  mclk (IN)
                         net (fo=0)                   0.000     0.000    mclk
    E3                   IBUF (Prop_ibuf_I_O)         0.250     0.250 r  mclk_IBUF_inst/O
                         net (fo=1, routed)           0.644     0.894    mclk_IBUF
    BUFGCTRL_X0Y16       BUFG (Prop_bufg_I_O)         0.026     0.920 r  mclk_IBUF_BUFG_inst/O
                         net (fo=19, routed)          0.561     1.480    U1/mclk
    SLICE_X57Y85         FDCE                                         r  U1/q_reg[10]/C
  -------------------------------------------------------------------    -------------------
    SLICE_X57Y85         FDCE (Prop_fdce_C_Q)         0.141     1.621 r  U1/q_reg[10]/Q
                         net (fo=1, routed)           0.109     1.731    U1/q_reg_n_0_[10]
    SLICE_X57Y85         CARRY4 (Prop_carry4_S[2]_O[2])
                                                      0.111     1.842 r  U1/q_reg[8]_i_1/O[2]
                         net (fo=1, routed)           0.000     1.842    U1/q_reg[8]_i_1_n_5
    SLICE_X57Y85         FDCE                                         r  U1/q_reg[10]/D
  -------------------------------------------------------------------    -------------------

                         (clock sys_clk_pin rise edge)
                                                      0.000     0.000 r  
    E3                                                0.000     0.000 r  mclk (IN)
                         net (fo=0)                   0.000     0.000    mclk
    E3                   IBUF (Prop_ibuf_I_O)         0.438     0.438 r  mclk_IBUF_inst/O
                         net (fo=1, routed)           0.699     1.136    mclk_IBUF
    BUFGCTRL_X0Y16       BUFG (Prop_bufg_I_O)         0.029     1.165 r  mclk_IBUF_BUFG_inst/O
                         net (fo=19, routed)          0.830     1.995    U1/mclk
    SLICE_X57Y85         FDCE                                         r  U1/q_reg[10]/C
                         clock pessimism             -0.514     1.480    
    SLICE_X57Y85         FDCE (Hold_fdce_C_D)         0.105     1.585    U1/q_reg[10]
  -------------------------------------------------------------------
                         required time                         -1.585    
                         arrival time                           1.842    
  -------------------------------------------------------------------
                         slack                                  0.256    

Slack (MET) :             0.256ns  (arrival time - required time)
  Source:                 U1/q_reg[14]/C
                            (rising edge-triggered cell FDCE clocked by sys_clk_pin  {rise@0.000ns fall@5.000ns period=10.000ns})
  Destination:            U1/q_reg[14]/D
                            (rising edge-triggered cell FDCE clocked by sys_clk_pin  {rise@0.000ns fall@5.000ns period=10.000ns})
  Path Group:             sys_clk_pin
  Path Type:              Hold (Min at Fast Process Corner)
  Requirement:            0.000ns  (sys_clk_pin rise@0.000ns - sys_clk_pin rise@0.000ns)
  Data Path Delay:        0.361ns  (logic 0.252ns (69.733%)  route 0.109ns (30.267%))
  Logic Levels:           1  (CARRY4=1)
  Clock Path Skew:        0.000ns (DCD - SCD - CPR)
    Destination Clock Delay (DCD):    1.995ns
    Source Clock Delay      (SCD):    1.480ns
    Clock Pessimism Removal (CPR):    0.514ns

    Location             Delay type                Incr(ns)  Path(ns)    Netlist Resource(s)
  -------------------------------------------------------------------    -------------------
                         (clock sys_clk_pin rise edge)
                                                      0.000     0.000 r  
    E3                                                0.000     0.000 r  mclk (IN)
                         net (fo=0)                   0.000     0.000    mclk
    E3                   IBUF (Prop_ibuf_I_O)         0.250     0.250 r  mclk_IBUF_inst/O
                         net (fo=1, routed)           0.644     0.894    mclk_IBUF
    BUFGCTRL_X0Y16       BUFG (Prop_bufg_I_O)         0.026     0.920 r  mclk_IBUF_BUFG_inst/O
                         net (fo=19, routed)          0.561     1.480    U1/mclk
    SLICE_X57Y86         FDCE                                         r  U1/q_reg[14]/C
  -------------------------------------------------------------------    -------------------
    SLICE_X57Y86         FDCE (Prop_fdce_C_Q)         0.141     1.621 r  U1/q_reg[14]/Q
                         net (fo=1, routed)           0.109     1.731    U1/q_reg_n_0_[14]
    SLICE_X57Y86         CARRY4 (Prop_carry4_S[2]_O[2])
                                                      0.111     1.842 r  U1/q_reg[12]_i_1/O[2]
                         net (fo=1, routed)           0.000     1.842    U1/q_reg[12]_i_1_n_5
    SLICE_X57Y86         FDCE                                         r  U1/q_reg[14]/D
  -------------------------------------------------------------------    -------------------

                         (clock sys_clk_pin rise edge)
                                                      0.000     0.000 r  
    E3                                                0.000     0.000 r  mclk (IN)
                         net (fo=0)                   0.000     0.000    mclk
    E3                   IBUF (Prop_ibuf_I_O)         0.438     0.438 r  mclk_IBUF_inst/O
                         net (fo=1, routed)           0.699     1.136    mclk_IBUF
    BUFGCTRL_X0Y16       BUFG (Prop_bufg_I_O)         0.029     1.165 r  mclk_IBUF_BUFG_inst/O
                         net (fo=19, routed)          0.830     1.995    U1/mclk
    SLICE_X57Y86         FDCE                                         r  U1/q_reg[14]/C
                         clock pessimism             -0.514     1.480    
    SLICE_X57Y86         FDCE (Hold_fdce_C_D)         0.105     1.585    U1/q_reg[14]
  -------------------------------------------------------------------
                         required time                         -1.585    
                         arrival time                           1.842    
  -------------------------------------------------------------------
                         slack                                  0.256    





Pulse Width Checks
--------------------------------------------------------------------------------------
Clock Name:         sys_clk_pin
Waveform(ns):       { 0.000 5.000 }
Period(ns):         10.000
Sources:            { mclk }

Check Type        Corner  Lib Pin  Reference Pin  Required(ns)  Actual(ns)  Slack(ns)  Location        Pin
Min Period        n/a     BUFG/I   n/a            2.155         10.000      7.845      BUFGCTRL_X0Y16  mclk_IBUF_BUFG_inst/I
Min Period        n/a     FDCE/C   n/a            1.000         10.000      9.000      SLICE_X57Y83    U1/q_reg[0]/C
Min Period        n/a     FDCE/C   n/a            1.000         10.000      9.000      SLICE_X57Y85    U1/q_reg[10]/C
Min Period        n/a     FDCE/C   n/a            1.000         10.000      9.000      SLICE_X57Y85    U1/q_reg[11]/C
Min Period        n/a     FDCE/C   n/a            1.000         10.000      9.000      SLICE_X57Y86    U1/q_reg[12]/C
Min Period        n/a     FDCE/C   n/a            1.000         10.000      9.000      SLICE_X57Y86    U1/q_reg[13]/C
Min Period        n/a     FDCE/C   n/a            1.000         10.000      9.000      SLICE_X57Y86    U1/q_reg[14]/C
Min Period        n/a     FDCE/C   n/a            1.000         10.000      9.000      SLICE_X57Y86    U1/q_reg[15]/C
Min Period        n/a     FDCE/C   n/a            1.000         10.000      9.000      SLICE_X57Y87    U1/q_reg[16]/C
Min Period        n/a     FDCE/C   n/a            1.000         10.000      9.000      SLICE_X57Y87    U1/q_reg[17]/C
Low Pulse Width   Fast    FDCE/C   n/a            0.500         5.000       4.500      SLICE_X57Y83    U1/q_reg[0]/C
Low Pulse Width   Fast    FDCE/C   n/a            0.500         5.000       4.500      SLICE_X57Y83    U1/q_reg[2]/C
Low Pulse Width   Fast    FDCE/C   n/a            0.500         5.000       4.500      SLICE_X57Y83    U1/q_reg[3]/C
Low Pulse Width   Fast    FDCE/C   n/a            0.500         5.000       4.500      SLICE_X57Y83    U1/q_reg[1]/C
Low Pulse Width   Slow    FDCE/C   n/a            0.500         5.000       4.500      SLICE_X57Y83    U1/q_reg[0]/C
Low Pulse Width   Fast    FDCE/C   n/a            0.500         5.000       4.500      SLICE_X57Y85    U1/q_reg[10]/C
Low Pulse Width   Fast    FDCE/C   n/a            0.500         5.000       4.500      SLICE_X57Y85    U1/q_reg[11]/C
Low Pulse Width   Fast    FDCE/C   n/a            0.500         5.000       4.500      SLICE_X57Y86    U1/q_reg[12]/C
Low Pulse Width   Fast    FDCE/C   n/a            0.500         5.000       4.500      SLICE_X57Y86    U1/q_reg[13]/C
Low Pulse Width   Fast    FDCE/C   n/a            0.500         5.000       4.500      SLICE_X57Y86    U1/q_reg[14]/C
High Pulse Width  Slow    FDCE/C   n/a            0.500         5.000       4.500      SLICE_X57Y83    U1/q_reg[0]/C
High Pulse Width  Slow    FDCE/C   n/a            0.500         5.000       4.500      SLICE_X57Y85    U1/q_reg[10]/C
High Pulse Width  Fast    FDCE/C   n/a            0.500         5.000       4.500      SLICE_X57Y85    U1/q_reg[10]/C
High Pulse Width  Slow    FDCE/C   n/a            0.500         5.000       4.500      SLICE_X57Y85    U1/q_reg[11]/C
High Pulse Width  Fast    FDCE/C   n/a            0.500         5.000       4.500      SLICE_X57Y85    U1/q_reg[11]/C
High Pulse Width  Slow    FDCE/C   n/a            0.500         5.000       4.500      SLICE_X57Y86    U1/q_reg[12]/C
High Pulse Width  Fast    FDCE/C   n/a            0.500         5.000       4.500      SLICE_X57Y86    U1/q_reg[12]/C
High Pulse Width  Slow    FDCE/C   n/a            0.500         5.000       4.500      SLICE_X57Y86    U1/q_reg[13]/C
High Pulse Width  Fast    FDCE/C   n/a            0.500         5.000       4.500      SLICE_X57Y86    U1/q_reg[13]/C
High Pulse Width  Slow    FDCE/C   n/a            0.500         5.000       4.500      SLICE_X57Y86    U1/q_reg[14]/C



