Copyright 1986-2018 Xilinx, Inc. All Rights Reserved.
--------------------------------------------------------------------------------------------------------------------------------------------------------------------------------------------------------------------------------------
| Tool Version : Vivado v.2018.2 (win64) Build 2258646 Thu Jun 14 20:03:12 MDT 2018
| Date         : Wed Dec  8 01:13:34 2021
| Host         : DESKTOP-IBH2VC5 running 64-bit major release  (build 9200)
| Command      : report_timing_summary -max_paths 10 -file vga_blocks_sprite_top_timing_summary_routed.rpt -pb vga_blocks_sprite_top_timing_summary_routed.pb -rpx vga_blocks_sprite_top_timing_summary_routed.rpx -warn_on_violation
| Design       : vga_blocks_sprite_top
| Device       : 7a100t-csg324
| Speed File   : -1  PRODUCTION 1.22 2018-03-21
--------------------------------------------------------------------------------------------------------------------------------------------------------------------------------------------------------------------------------------

Timing Summary Report

------------------------------------------------------------------------------------------------
| Timer Settings
| --------------
------------------------------------------------------------------------------------------------

  Enable Multi Corner Analysis               :  Yes
  Enable Pessimism Removal                   :  Yes
  Pessimism Removal Resolution               :  Nearest Common Node
  Enable Input Delay Default Clock           :  No
  Enable Preset / Clear Arcs                 :  No
  Disable Flight Delays                      :  No
  Ignore I/O Paths                           :  No
  Timing Early Launch at Borrowing Latches   :  false

  Corner  Analyze    Analyze    
  Name    Max Paths  Min Paths  
  ------  ---------  ---------  
  Slow    Yes        Yes        
  Fast    Yes        Yes        



check_timing report

Table of Contents
-----------------
1. checking no_clock
2. checking constant_clock
3. checking pulse_width_clock
4. checking unconstrained_internal_endpoints
5. checking no_input_delay
6. checking no_output_delay
7. checking multiple_clock
8. checking generated_clocks
9. checking loops
10. checking partial_input_delay
11. checking partial_output_delay
12. checking latch_loops

1. checking no_clock
--------------------
 There are 60 register/latch pins with no clock driven by root clock pin: U1/q_reg[1]/Q (HIGH)


2. checking constant_clock
--------------------------
 There are 0 register/latch pins with constant_clock.


3. checking pulse_width_clock
-----------------------------
 There are 0 register/latch pins which need pulse_width check


4. checking unconstrained_internal_endpoints
--------------------------------------------
 There are 240 pins that are not constrained for maximum delay. (HIGH)

 There are 0 pins that are not constrained for maximum delay due to constant clock.


5. checking no_input_delay
--------------------------
 There is 1 input port with no input delay specified. (HIGH)

 There are 0 input ports with no input delay but user has a false path constraint.


6. checking no_output_delay
---------------------------
 There are 10 ports with no output delay specified. (HIGH)

 There are 0 ports with no output delay but user has a false path constraint

 There are 0 ports with no output delay but with a timing clock defined on it or propagating through it


7. checking multiple_clock
--------------------------
 There are 0 register/latch pins with multiple clocks.


8. checking generated_clocks
----------------------------
 There are 0 generated clocks that are not connected to a clock source.


9. checking loops
-----------------
 There are 0 combinational loops in the design.


10. checking partial_input_delay
--------------------------------
 There are 0 input ports with partial input delay specified.


11. checking partial_output_delay
---------------------------------
 There are 0 ports with partial output delay specified.


12. checking latch_loops
------------------------
 There are 0 combinational latch loops in the design through latch input



------------------------------------------------------------------------------------------------
| Design Timing Summary
| ---------------------
------------------------------------------------------------------------------------------------

    WNS(ns)      TNS(ns)  TNS Failing Endpoints  TNS Total Endpoints      WHS(ns)      THS(ns)  THS Failing Endpoints  THS Total Endpoints     WPWS(ns)     TPWS(ns)  TPWS Failing Endpoints  TPWS Total Endpoints  
    -------      -------  ---------------------  -------------------      -------      -------  ---------------------  -------------------     --------     --------  ----------------------  --------------------  
      6.777        0.000                      0                    2        0.324        0.000                      0                    2        4.500        0.000                       0                     3  


All user specified timing constraints are met.


------------------------------------------------------------------------------------------------
| Clock Summary
| -------------
------------------------------------------------------------------------------------------------

Clock        Waveform(ns)       Period(ns)      Frequency(MHz)
-----        ------------       ----------      --------------
sys_clk_pin  {0.000 5.000}      10.000          100.000         


------------------------------------------------------------------------------------------------
| Intra Clock Table
| -----------------
------------------------------------------------------------------------------------------------

Clock             WNS(ns)      TNS(ns)  TNS Failing Endpoints  TNS Total Endpoints      WHS(ns)      THS(ns)  THS Failing Endpoints  THS Total Endpoints     WPWS(ns)     TPWS(ns)  TPWS Failing Endpoints  TPWS Total Endpoints  
-----             -------      -------  ---------------------  -------------------      -------      -------  ---------------------  -------------------     --------     --------  ----------------------  --------------------  
sys_clk_pin         6.777        0.000                      0                    2        0.324        0.000                      0                    2        4.500        0.000                       0                     3  


------------------------------------------------------------------------------------------------
| Inter Clock Table
| -----------------
------------------------------------------------------------------------------------------------

From Clock    To Clock          WNS(ns)      TNS(ns)  TNS Failing Endpoints  TNS Total Endpoints      WHS(ns)      THS(ns)  THS Failing Endpoints  THS Total Endpoints  
----------    --------          -------      -------  ---------------------  -------------------      -------      -------  ---------------------  -------------------  


------------------------------------------------------------------------------------------------
| Other Path Groups Table
| -----------------------
------------------------------------------------------------------------------------------------

Path Group    From Clock    To Clock          WNS(ns)      TNS(ns)  TNS Failing Endpoints  TNS Total Endpoints      WHS(ns)      THS(ns)  THS Failing Endpoints  THS Total Endpoints  
----------    ----------    --------          -------      -------  ---------------------  -------------------      -------      -------  ---------------------  -------------------  


------------------------------------------------------------------------------------------------
| Timing Details
| --------------
------------------------------------------------------------------------------------------------


---------------------------------------------------------------------------------------------------
From Clock:  sys_clk_pin
  To Clock:  sys_clk_pin

Setup :            0  Failing Endpoints,  Worst Slack        6.777ns,  Total Violation        0.000ns
Hold  :            0  Failing Endpoints,  Worst Slack        0.324ns,  Total Violation        0.000ns
PW    :            0  Failing Endpoints,  Worst Slack        4.500ns,  Total Violation        0.000ns
---------------------------------------------------------------------------------------------------


Max Delay Paths
--------------------------------------------------------------------------------------
Slack (MET) :             6.777ns  (required time - arrival time)
  Source:                 U1/q_reg[1]/C
                            (rising edge-triggered cell FDCE clocked by sys_clk_pin  {rise@0.000ns fall@5.000ns period=10.000ns})
  Destination:            U1/q_reg[1]/D
                            (rising edge-triggered cell FDCE clocked by sys_clk_pin  {rise@0.000ns fall@5.000ns period=10.000ns})
  Path Group:             sys_clk_pin
  Path Type:              Setup (Max at Slow Process Corner)
  Requirement:            10.000ns  (sys_clk_pin rise@10.000ns - sys_clk_pin rise@0.000ns)
  Data Path Delay:        3.250ns  (logic 0.903ns (27.785%)  route 2.347ns (72.215%))
  Logic Levels:           2  (BUFG=1 CARRY4=1)
  Clock Path Skew:        0.000ns (DCD - SCD + CPR)
    Destination Clock Delay (DCD):    4.927ns = ( 14.927 - 10.000 ) 
    Source Clock Delay      (SCD):    5.228ns
    Clock Pessimism Removal (CPR):    0.301ns
  Clock Uncertainty:      0.035ns  ((TSJ^2 + TIJ^2)^1/2 + DJ) / 2 + PE
    Total System Jitter     (TSJ):    0.071ns
    Total Input Jitter      (TIJ):    0.000ns
    Discrete Jitter          (DJ):    0.000ns
    Phase Error              (PE):    0.000ns

    Location             Delay type                Incr(ns)  Path(ns)    Netlist Resource(s)
  -------------------------------------------------------------------    -------------------
                         (clock sys_clk_pin rise edge)
                                                      0.000     0.000 r  
    E3                                                0.000     0.000 r  mclk (IN)
                         net (fo=0)                   0.000     0.000    mclk
    E3                   IBUF (Prop_ibuf_I_O)         1.482     1.482 r  mclk_IBUF_inst/O
                         net (fo=1, routed)           2.025     3.506    mclk_IBUF
    BUFGCTRL_X0Y16       BUFG (Prop_bufg_I_O)         0.096     3.602 r  mclk_IBUF_BUFG_inst/O
                         net (fo=2, routed)           1.625     5.228    U1/mclk
    SLICE_X52Y96         FDCE                                         r  U1/q_reg[1]/C
  -------------------------------------------------------------------    -------------------
    SLICE_X52Y96         FDCE (Prop_fdce_C_Q)         0.456     5.684 r  U1/q_reg[1]/Q
                         net (fo=1, routed)           0.568     6.252    clk25
    BUFGCTRL_X0Y0        BUFG (Prop_bufg_I_O)         0.096     6.348 r  clk25_BUFG_inst/O
                         net (fo=61, routed)          1.779     8.127    U1/CLK
    SLICE_X52Y96         CARRY4 (Prop_carry4_S[1]_O[1])
                                                      0.351     8.478 r  U1/q_reg[0]_i_1/O[1]
                         net (fo=1, routed)           0.000     8.478    U1/q_reg[0]_i_1_n_6
    SLICE_X52Y96         FDCE                                         r  U1/q_reg[1]/D
  -------------------------------------------------------------------    -------------------

                         (clock sys_clk_pin rise edge)
                                                     10.000    10.000 r  
    E3                                                0.000    10.000 r  mclk (IN)
                         net (fo=0)                   0.000    10.000    mclk
    E3                   IBUF (Prop_ibuf_I_O)         1.411    11.411 r  mclk_IBUF_inst/O
                         net (fo=1, routed)           1.920    13.331    mclk_IBUF
    BUFGCTRL_X0Y16       BUFG (Prop_bufg_I_O)         0.091    13.422 r  mclk_IBUF_BUFG_inst/O
                         net (fo=2, routed)           1.504    14.927    U1/mclk
    SLICE_X52Y96         FDCE                                         r  U1/q_reg[1]/C
                         clock pessimism              0.301    15.228    
                         clock uncertainty           -0.035    15.192    
    SLICE_X52Y96         FDCE (Setup_fdce_C_D)        0.062    15.254    U1/q_reg[1]
  -------------------------------------------------------------------
                         required time                         15.254    
                         arrival time                          -8.478    
  -------------------------------------------------------------------
                         slack                                  6.777    

Slack (MET) :             8.690ns  (required time - arrival time)
  Source:                 U1/q_reg[0]/C
                            (rising edge-triggered cell FDCE clocked by sys_clk_pin  {rise@0.000ns fall@5.000ns period=10.000ns})
  Destination:            U1/q_reg[0]/D
                            (rising edge-triggered cell FDCE clocked by sys_clk_pin  {rise@0.000ns fall@5.000ns period=10.000ns})
  Path Group:             sys_clk_pin
  Path Type:              Setup (Max at Slow Process Corner)
  Requirement:            10.000ns  (sys_clk_pin rise@10.000ns - sys_clk_pin rise@0.000ns)
  Data Path Delay:        1.337ns  (logic 0.827ns (61.873%)  route 0.510ns (38.127%))
  Logic Levels:           2  (CARRY4=1 LUT1=1)
  Clock Path Skew:        0.000ns (DCD - SCD + CPR)
    Destination Clock Delay (DCD):    4.927ns = ( 14.927 - 10.000 ) 
    Source Clock Delay      (SCD):    5.228ns
    Clock Pessimism Removal (CPR):    0.301ns
  Clock Uncertainty:      0.035ns  ((TSJ^2 + TIJ^2)^1/2 + DJ) / 2 + PE
    Total System Jitter     (TSJ):    0.071ns
    Total Input Jitter      (TIJ):    0.000ns
    Discrete Jitter          (DJ):    0.000ns
    Phase Error              (PE):    0.000ns

    Location             Delay type                Incr(ns)  Path(ns)    Netlist Resource(s)
  -------------------------------------------------------------------    -------------------
                         (clock sys_clk_pin rise edge)
                                                      0.000     0.000 r  
    E3                                                0.000     0.000 r  mclk (IN)
                         net (fo=0)                   0.000     0.000    mclk
    E3                   IBUF (Prop_ibuf_I_O)         1.482     1.482 r  mclk_IBUF_inst/O
                         net (fo=1, routed)           2.025     3.506    mclk_IBUF
    BUFGCTRL_X0Y16       BUFG (Prop_bufg_I_O)         0.096     3.602 r  mclk_IBUF_BUFG_inst/O
                         net (fo=2, routed)           1.625     5.228    U1/mclk
    SLICE_X52Y96         FDCE                                         r  U1/q_reg[0]/C
  -------------------------------------------------------------------    -------------------
    SLICE_X52Y96         FDCE (Prop_fdce_C_Q)         0.456     5.684 f  U1/q_reg[0]/Q
                         net (fo=1, routed)           0.510     6.193    U1/q_reg_n_0_[0]
    SLICE_X52Y96         LUT1 (Prop_lut1_I0_O)        0.124     6.317 r  U1/q[0]_i_2/O
                         net (fo=1, routed)           0.000     6.317    U1/q[0]_i_2_n_0
    SLICE_X52Y96         CARRY4 (Prop_carry4_S[0]_O[0])
                                                      0.247     6.564 r  U1/q_reg[0]_i_1/O[0]
                         net (fo=1, routed)           0.000     6.564    U1/q_reg[0]_i_1_n_7
    SLICE_X52Y96         FDCE                                         r  U1/q_reg[0]/D
  -------------------------------------------------------------------    -------------------

                         (clock sys_clk_pin rise edge)
                                                     10.000    10.000 r  
    E3                                                0.000    10.000 r  mclk (IN)
                         net (fo=0)                   0.000    10.000    mclk
    E3                   IBUF (Prop_ibuf_I_O)         1.411    11.411 r  mclk_IBUF_inst/O
                         net (fo=1, routed)           1.920    13.331    mclk_IBUF
    BUFGCTRL_X0Y16       BUFG (Prop_bufg_I_O)         0.091    13.422 r  mclk_IBUF_BUFG_inst/O
                         net (fo=2, routed)           1.504    14.927    U1/mclk
    SLICE_X52Y96         FDCE                                         r  U1/q_reg[0]/C
                         clock pessimism              0.301    15.228    
                         clock uncertainty           -0.035    15.192    
    SLICE_X52Y96         FDCE (Setup_fdce_C_D)        0.062    15.254    U1/q_reg[0]
  -------------------------------------------------------------------
                         required time                         15.254    
                         arrival time                          -6.564    
  -------------------------------------------------------------------
                         slack                                  8.690    





Min Delay Paths
--------------------------------------------------------------------------------------
Slack (MET) :             0.324ns  (arrival time - required time)
  Source:                 U1/q_reg[0]/C
                            (rising edge-triggered cell FDCE clocked by sys_clk_pin  {rise@0.000ns fall@5.000ns period=10.000ns})
  Destination:            U1/q_reg[0]/D
                            (rising edge-triggered cell FDCE clocked by sys_clk_pin  {rise@0.000ns fall@5.000ns period=10.000ns})
  Path Group:             sys_clk_pin
  Path Type:              Hold (Min at Fast Process Corner)
  Requirement:            0.000ns  (sys_clk_pin rise@0.000ns - sys_clk_pin rise@0.000ns)
  Data Path Delay:        0.429ns  (logic 0.256ns (59.730%)  route 0.173ns (40.270%))
  Logic Levels:           2  (CARRY4=1 LUT1=1)
  Clock Path Skew:        0.000ns (DCD - SCD - CPR)
    Destination Clock Delay (DCD):    1.999ns
    Source Clock Delay      (SCD):    1.483ns
    Clock Pessimism Removal (CPR):    0.515ns

    Location             Delay type                Incr(ns)  Path(ns)    Netlist Resource(s)
  -------------------------------------------------------------------    -------------------
                         (clock sys_clk_pin rise edge)
                                                      0.000     0.000 r  
    E3                                                0.000     0.000 r  mclk (IN)
                         net (fo=0)                   0.000     0.000    mclk
    E3                   IBUF (Prop_ibuf_I_O)         0.250     0.250 r  mclk_IBUF_inst/O
                         net (fo=1, routed)           0.644     0.894    mclk_IBUF
    BUFGCTRL_X0Y16       BUFG (Prop_bufg_I_O)         0.026     0.920 r  mclk_IBUF_BUFG_inst/O
                         net (fo=2, routed)           0.564     1.483    U1/mclk
    SLICE_X52Y96         FDCE                                         r  U1/q_reg[0]/C
  -------------------------------------------------------------------    -------------------
    SLICE_X52Y96         FDCE (Prop_fdce_C_Q)         0.141     1.624 f  U1/q_reg[0]/Q
                         net (fo=1, routed)           0.173     1.797    U1/q_reg_n_0_[0]
    SLICE_X52Y96         LUT1 (Prop_lut1_I0_O)        0.045     1.842 r  U1/q[0]_i_2/O
                         net (fo=1, routed)           0.000     1.842    U1/q[0]_i_2_n_0
    SLICE_X52Y96         CARRY4 (Prop_carry4_S[0]_O[0])
                                                      0.070     1.912 r  U1/q_reg[0]_i_1/O[0]
                         net (fo=1, routed)           0.000     1.912    U1/q_reg[0]_i_1_n_7
    SLICE_X52Y96         FDCE                                         r  U1/q_reg[0]/D
  -------------------------------------------------------------------    -------------------

                         (clock sys_clk_pin rise edge)
                                                      0.000     0.000 r  
    E3                                                0.000     0.000 r  mclk (IN)
                         net (fo=0)                   0.000     0.000    mclk
    E3                   IBUF (Prop_ibuf_I_O)         0.438     0.438 r  mclk_IBUF_inst/O
                         net (fo=1, routed)           0.699     1.136    mclk_IBUF
    BUFGCTRL_X0Y16       BUFG (Prop_bufg_I_O)         0.029     1.165 r  mclk_IBUF_BUFG_inst/O
                         net (fo=2, routed)           0.834     1.999    U1/mclk
    SLICE_X52Y96         FDCE                                         r  U1/q_reg[0]/C
                         clock pessimism             -0.515     1.483    
    SLICE_X52Y96         FDCE (Hold_fdce_C_D)         0.105     1.588    U1/q_reg[0]
  -------------------------------------------------------------------
                         required time                         -1.588    
                         arrival time                           1.912    
  -------------------------------------------------------------------
                         slack                                  0.324    

Slack (MET) :             0.360ns  (arrival time - required time)
  Source:                 U1/q_reg[0]/C
                            (rising edge-triggered cell FDCE clocked by sys_clk_pin  {rise@0.000ns fall@5.000ns period=10.000ns})
  Destination:            U1/q_reg[1]/D
                            (rising edge-triggered cell FDCE clocked by sys_clk_pin  {rise@0.000ns fall@5.000ns period=10.000ns})
  Path Group:             sys_clk_pin
  Path Type:              Hold (Min at Fast Process Corner)
  Requirement:            0.000ns  (sys_clk_pin rise@0.000ns - sys_clk_pin rise@0.000ns)
  Data Path Delay:        0.465ns  (logic 0.292ns (62.850%)  route 0.173ns (37.150%))
  Logic Levels:           2  (CARRY4=1 LUT1=1)
  Clock Path Skew:        0.000ns (DCD - SCD - CPR)
    Destination Clock Delay (DCD):    1.999ns
    Source Clock Delay      (SCD):    1.483ns
    Clock Pessimism Removal (CPR):    0.515ns

    Location             Delay type                Incr(ns)  Path(ns)    Netlist Resource(s)
  -------------------------------------------------------------------    -------------------
                         (clock sys_clk_pin rise edge)
                                                      0.000     0.000 r  
    E3                                                0.000     0.000 r  mclk (IN)
                         net (fo=0)                   0.000     0.000    mclk
    E3                   IBUF (Prop_ibuf_I_O)         0.250     0.250 r  mclk_IBUF_inst/O
                         net (fo=1, routed)           0.644     0.894    mclk_IBUF
    BUFGCTRL_X0Y16       BUFG (Prop_bufg_I_O)         0.026     0.920 r  mclk_IBUF_BUFG_inst/O
                         net (fo=2, routed)           0.564     1.483    U1/mclk
    SLICE_X52Y96         FDCE                                         r  U1/q_reg[0]/C
  -------------------------------------------------------------------    -------------------
    SLICE_X52Y96         FDCE (Prop_fdce_C_Q)         0.141     1.624 f  U1/q_reg[0]/Q
                         net (fo=1, routed)           0.173     1.797    U1/q_reg_n_0_[0]
    SLICE_X52Y96         LUT1 (Prop_lut1_I0_O)        0.045     1.842 r  U1/q[0]_i_2/O
                         net (fo=1, routed)           0.000     1.842    U1/q[0]_i_2_n_0
    SLICE_X52Y96         CARRY4 (Prop_carry4_S[0]_O[1])
                                                      0.106     1.948 r  U1/q_reg[0]_i_1/O[1]
                         net (fo=1, routed)           0.000     1.948    U1/q_reg[0]_i_1_n_6
    SLICE_X52Y96         FDCE                                         r  U1/q_reg[1]/D
  -------------------------------------------------------------------    -------------------

                         (clock sys_clk_pin rise edge)
                                                      0.000     0.000 r  
    E3                                                0.000     0.000 r  mclk (IN)
                         net (fo=0)                   0.000     0.000    mclk
    E3                   IBUF (Prop_ibuf_I_O)         0.438     0.438 r  mclk_IBUF_inst/O
                         net (fo=1, routed)           0.699     1.136    mclk_IBUF
    BUFGCTRL_X0Y16       BUFG (Prop_bufg_I_O)         0.029     1.165 r  mclk_IBUF_BUFG_inst/O
                         net (fo=2, routed)           0.834     1.999    U1/mclk
    SLICE_X52Y96         FDCE                                         r  U1/q_reg[1]/C
                         clock pessimism             -0.515     1.483    
    SLICE_X52Y96         FDCE (Hold_fdce_C_D)         0.105     1.588    U1/q_reg[1]
  -------------------------------------------------------------------
                         required time                         -1.588    
                         arrival time                           1.948    
  -------------------------------------------------------------------
                         slack                                  0.360    





Pulse Width Checks
--------------------------------------------------------------------------------------
Clock Name:         sys_clk_pin
Waveform(ns):       { 0.000 5.000 }
Period(ns):         10.000
Sources:            { mclk }

Check Type        Corner  Lib Pin  Reference Pin  Required(ns)  Actual(ns)  Slack(ns)  Location        Pin
Min Period        n/a     BUFG/I   n/a            2.155         10.000      7.845      BUFGCTRL_X0Y16  mclk_IBUF_BUFG_inst/I
Min Period        n/a     FDCE/C   n/a            1.000         10.000      9.000      SLICE_X52Y96    U1/q_reg[0]/C
Min Period        n/a     FDCE/C   n/a            1.000         10.000      9.000      SLICE_X52Y96    U1/q_reg[1]/C
Low Pulse Width   Slow    FDCE/C   n/a            0.500         5.000       4.500      SLICE_X52Y96    U1/q_reg[0]/C
Low Pulse Width   Slow    FDCE/C   n/a            0.500         5.000       4.500      SLICE_X52Y96    U1/q_reg[1]/C
Low Pulse Width   Fast    FDCE/C   n/a            0.500         5.000       4.500      SLICE_X52Y96    U1/q_reg[0]/C
Low Pulse Width   Fast    FDCE/C   n/a            0.500         5.000       4.500      SLICE_X52Y96    U1/q_reg[1]/C
High Pulse Width  Slow    FDCE/C   n/a            0.500         5.000       4.500      SLICE_X52Y96    U1/q_reg[0]/C
High Pulse Width  Fast    FDCE/C   n/a            0.500         5.000       4.500      SLICE_X52Y96    U1/q_reg[0]/C
High Pulse Width  Slow    FDCE/C   n/a            0.500         5.000       4.500      SLICE_X52Y96    U1/q_reg[1]/C
High Pulse Width  Fast    FDCE/C   n/a            0.500         5.000       4.500      SLICE_X52Y96    U1/q_reg[1]/C



